164
484
1
1
1
1
1
1
1
1
1
1
1
1
1
1
1
1
1
1
1
1
1
1
1
1
1
1
1
1
1
1
1
1
1
1
1
1
1
1
1
1
1
1
1
1
1
1
1
1
1
1
1
1
1
1
1
1
1
1
1
1
1
1
1
1
1
1
1
1
1
1
1
1
1
1
1
1
1
1
1
1
1
1
1
1
1
1
1
1
1
1
1
1
1
1
1
1
1
1
1
1
1
1
1
1
1
1
1
1
1
1
1
1
1
1
1
1
1
1
1
1
1
1
1
1
1
1
1
1
1
1
1
1
1
1
1
1
1
1
1
1
1
1
1
1
1
1
1
1
1
1
1
1
1
1
1
1
1
1
1
1
1
1
1
1
6 0 51 (88.102494 516.000000 408.000000) (248.897546 516.000000 408.000000) (243.002626 516.000000 436.768620) (241.015926 516.000000 440.000000) (95.981553 516.000000 440.000000) (94.002306 516.000000 436.781250) 
7 0 34 (241.015926 516.000000 440.000000) (225.005636 516.000000 466.040833) (198.990826 516.000000 480.685164) (169.008335 516.000000 487.997967) (138.000000 516.000000 480.680000) (111.992476 516.000000 466.037764) (95.981553 516.000000 440.000000) 
3 1 59 (409.000000 -46.000000 499.388000) (419.201007 -46.000000 506.000293) (417.483270 -46.000000 513.176141) 
4 1 3 (412.000000 -46.000000 504.264000) (417.483270 -46.000000 513.176141) (417.483270 514.999000 513.176141) (412.000000 514.999000 504.264000) 
4 1 2 (409.000000 516.000000 499.388000) (409.000000 514.999000 499.388000) (417.483270 514.999000 513.176141) (417.483270 516.000000 513.176141) 
4 1 30 (409.000000 516.000000 499.388000) (419.201007 516.000000 506.000293) (419.201007 -46.000000 506.000293) (409.000000 -46.000000 499.388000) 
4 2 29 (369.908984 516.000000 500.370066) (369.908984 514.999000 500.370066) (353.133581 514.999000 596.593777) (353.133581 516.000000 596.593777) 
3 2 20 (404.000000 514.999000 523.853000) (401.266987 514.999000 525.624539) (398.000000 514.999000 525.000000) 
3 2 19 (401.266987 514.999000 525.624539) (398.000000 514.999000 527.742200) (392.000000 514.999000 523.853000) 
4 2 18 (409.000000 514.999000 520.612000) (403.321956 514.999000 529.840714) (400.365546 514.999000 529.275547) (398.000000 514.999000 527.742200) 
3 2 17 (400.365546 514.999000 529.275547) (391.259268 514.999000 527.534730) (387.000000 514.999000 520.612000) 
3 2 21 (384.000000 514.999000 504.264000) (384.576163 514.999000 500.959131) (387.000000 514.999000 499.388000) 
3 2 22 (391.259268 514.999000 527.534730) (385.877604 514.999000 526.505935) (384.000000 514.999000 515.736000) 
4 2 23 (383.000000 514.999000 510.000000) (382.101069 514.999000 504.843730) (384.434673 514.999000 501.050845) (384.576163 514.999000 500.959131) 
3 2 24 (385.877604 514.999000 526.505935) (370.573264 514.999000 523.580256) (382.101069 514.999000 504.843730) 
3 2 13 (389.000000 514.999000 529.388000) (391.423837 514.999000 530.959131) (392.000000 514.999000 534.264000) 
3 2 12 (391.423837 514.999000 530.959131) (394.256101 514.999000 532.795005) (393.000000 514.999000 540.000000) 
3 2 14 (384.000000 514.999000 526.147000) (395.046931 514.999000 528.258805) (394.256101 514.999000 532.795005) 
3 2 11 (395.046931 514.999000 528.258805) (401.942013 514.999000 529.576915) (392.000000 514.999000 545.736000) 
3 2 15 (372.000000 514.999000 526.147000) (374.733013 514.999000 524.375461) (378.000000 514.999000 525.000000) 
4 2 10 (403.321956 514.999000 529.840714) (391.565327 514.999000 548.949155) (389.000000 514.999000 550.612000) (401.942013 514.999000 529.576915) 
3 2 16 (367.000000 514.999000 529.388000) (370.573264 514.999000 523.580256) (374.733013 514.999000 524.375461) 
3 2 9 (391.565327 514.999000 548.949155) (389.154445 514.999000 552.867642) (384.000000 514.999000 553.853000) 
3 2 8 (389.154445 514.999000 552.867642) (386.806680 514.999000 556.683544) (378.000000 514.999000 555.000000) 
4 2 7 (412.000000 514.999000 515.736000) (409.455149 514.999000 530.333265) (387.765745 514.999000 556.866885) (386.806680 514.999000 556.683544) 
3 2 6 (387.765745 514.999000 556.866885) (383.915733 514.999000 561.576778) (372.000000 514.999000 553.853000) 
4 2 5 (413.000000 514.999000 510.000000) (415.209613 514.999000 522.674341) (415.000000 514.999000 523.550000) (409.455149 514.999000 530.333265) 
3 2 4 (383.915733 514.999000 561.576778) (378.113418 514.999000 568.675009) (367.000000 514.999000 550.612000) 
3 2 25 (364.000000 514.999000 534.264000) (367.924565 514.999000 511.752697) (384.434673 514.999000 501.050845) 
3 2 26 (378.113418 514.999000 568.675009) (369.777065 514.999000 578.873244) (364.000000 514.999000 545.736000) 
3 2 3 (412.000000 514.999000 504.264000) (417.483270 514.999000 513.176141) (415.209613 514.999000 522.674341) 
4 2 27 (369.777065 514.999000 578.873244) (357.000000 514.999000 594.504000) (353.133581 514.999000 596.593777) (363.000000 514.999000 540.000000) 
3 2 28 (369.908984 514.999000 500.370066) (392.000000 514.999000 496.147000) (367.924565 514.999000 511.752697) 
4 2 30 (404.000000 514.999000 496.147000) (404.000000 516.000000 496.147000) (409.000000 516.000000 499.388000) (409.000000 514.999000 499.388000) 
4 2 31 (398.000000 514.999000 495.000000) (398.000000 516.000000 495.000000) (404.000000 516.000000 496.147000) (404.000000 514.999000 496.147000) 
4 2 32 (369.908984 516.000000 500.370066) (398.000000 516.000000 495.000000) (398.000000 514.999000 495.000000) (369.908984 514.999000 500.370066) 
3 3 60 (412.000000 -46.000000 504.264000) (417.483270 -46.000000 513.176141) (415.209613 -46.000000 522.674341) 
4 3 5 (413.000000 -46.000000 510.000000) (415.209613 -46.000000 522.674341) (415.209613 514.999000 522.674341) (413.000000 514.999000 510.000000) 
3 4 62 (383.915733 -46.000000 561.576778) (378.113418 -46.000000 568.675009) (367.000000 -46.000000 550.612000) 
4 4 6 (372.000000 514.999000 553.853000) (383.915733 514.999000 561.576778) (383.915733 -46.000000 561.576778) (372.000000 -46.000000 553.853000) 
4 4 26 (378.113418 514.999000 568.675009) (367.000000 514.999000 550.612000) (367.000000 -46.000000 550.612000) (378.113418 -46.000000 568.675009) 
4 5 61 (413.000000 -46.000000 510.000000) (415.209613 -46.000000 522.674341) (415.000000 -46.000000 523.550000) (409.455149 -46.000000 530.333265) 
4 5 7 (412.000000 -46.000000 515.736000) (409.455149 -46.000000 530.333265) (409.455149 514.999000 530.333265) (412.000000 514.999000 515.736000) 
3 6 64 (383.830191 -46.000000 561.521330) (372.000000 -46.000000 553.853000) (386.806680 -46.000000 556.683544) 
4 6 63 (387.765745 -46.000000 556.866885) (383.915733 -46.000000 561.576778) (383.830191 -46.000000 561.521330) (386.806680 -46.000000 556.683544) 
4 6 8 (378.000000 514.999000 555.000000) (386.806680 514.999000 556.683544) (386.806680 -46.000000 556.683544) (378.000000 -46.000000 555.000000) 
4 6 7 (386.806680 514.999000 556.683544) (387.765745 514.999000 556.866885) (387.765745 -46.000000 556.866885) (386.806680 -46.000000 556.683544) 
4 7 63 (412.000000 -46.000000 515.736000) (409.455149 -46.000000 530.333265) (387.765745 -46.000000 556.866885) (386.806680 -46.000000 556.683544) 
4 7 18 (409.000000 -46.000000 520.612000) (403.321956 -46.000000 529.840714) (403.321956 514.999000 529.840714) (409.000000 514.999000 520.612000) 
4 7 10 (403.321956 -46.000000 529.840714) (391.565327 -46.000000 548.949155) (391.565327 514.999000 548.949155) (403.321956 514.999000 529.840714) 
4 7 9 (391.565327 -46.000000 548.949155) (389.154445 -46.000000 552.867642) (389.154445 514.999000 552.867642) (391.565327 514.999000 548.949155) 
4 7 8 (389.154445 -46.000000 552.867642) (386.806680 -46.000000 556.683544) (386.806680 514.999000 556.683544) (389.154445 514.999000 552.867642) 
3 8 65 (389.154445 -46.000000 552.867642) (386.806680 -46.000000 556.683544) (378.000000 -46.000000 555.000000) 
4 8 9 (389.154445 -46.000000 552.867642) (384.000000 -46.000000 553.853000) (384.000000 514.999000 553.853000) (389.154445 514.999000 552.867642) 
3 9 66 (391.565327 -46.000000 548.949155) (389.154445 -46.000000 552.867642) (384.000000 -46.000000 553.853000) 
4 9 10 (391.565327 -46.000000 548.949155) (389.000000 -46.000000 550.612000) (389.000000 514.999000 550.612000) (391.565327 514.999000 548.949155) 
4 10 67 (403.321956 -46.000000 529.840714) (391.565327 -46.000000 548.949155) (389.000000 -46.000000 550.612000) (401.942013 -46.000000 529.576915) 
4 10 18 (401.942013 514.999000 529.576915) (403.321956 514.999000 529.840714) (403.321956 -46.000000 529.840714) (401.942013 -46.000000 529.576915) 
4 10 11 (401.942013 -46.000000 529.576915) (392.000000 -46.000000 545.736000) (392.000000 514.999000 545.736000) (401.942013 514.999000 529.576915) 
3 11 68 (398.335249 -46.000000 535.439108) (392.000000 -46.000000 545.736000) (394.256101 -46.000000 532.795005) 
4 11 71 (395.046931 -46.000000 528.258805) (401.942013 -46.000000 529.576915) (398.335249 -46.000000 535.439108) (394.256101 -46.000000 532.795005) 
4 11 18 (400.365546 514.999000 529.275547) (401.942013 514.999000 529.576915) (401.942013 -46.000000 529.576915) (400.365546 -46.000000 529.275547) 
4 11 17 (395.046931 514.999000 528.258805) (400.365546 514.999000 529.275547) (400.365546 -46.000000 529.275547) (395.046931 -46.000000 528.258805) 
4 11 12 (394.256101 -46.000000 532.795005) (393.000000 -46.000000 540.000000) (393.000000 514.999000 540.000000) (394.256101 514.999000 532.795005) 
4 11 14 (395.046931 -46.000000 528.258805) (394.256101 -46.000000 532.795005) (394.256101 514.999000 532.795005) (395.046931 514.999000 528.258805) 
3 12 70 (393.558413 -46.000000 536.796941) (393.000000 -46.000000 540.000000) (392.000000 -46.000000 534.264000) 
4 12 69 (391.423837 -46.000000 530.959131) (394.256101 -46.000000 532.795005) (393.558413 -46.000000 536.796941) (392.000000 -46.000000 534.264000) 
4 12 13 (391.423837 -46.000000 530.959131) (392.000000 -46.000000 534.264000) (392.000000 514.999000 534.264000) (391.423837 514.999000 530.959131) 
4 12 14 (394.256101 -46.000000 532.795005) (391.423837 -46.000000 530.959131) (391.423837 514.999000 530.959131) (394.256101 514.999000 532.795005) 
3 13 69 (389.000000 -46.000000 529.388000) (391.423837 -46.000000 530.959131) (392.000000 -46.000000 534.264000) 
4 13 14 (391.423837 -46.000000 530.959131) (389.000000 -46.000000 529.388000) (389.000000 514.999000 529.388000) (391.423837 514.999000 530.959131) 
3 14 71 (384.000000 -46.000000 526.147000) (395.046931 -46.000000 528.258805) (394.256101 -46.000000 532.795005) 
4 14 17 (391.259268 514.999000 527.534730) (395.046931 514.999000 528.258805) (395.046931 -46.000000 528.258805) (391.259268 -46.000000 527.534730) 
4 14 22 (385.877604 514.999000 526.505935) (391.259268 514.999000 527.534730) (391.259268 -46.000000 527.534730) (385.877604 -46.000000 526.505935) 
4 14 24 (384.000000 514.999000 526.147000) (385.877604 514.999000 526.505935) (385.877604 -46.000000 526.505935) (384.000000 -46.000000 526.147000) 
3 15 72 (372.000000 -46.000000 526.147000) (374.733013 -46.000000 524.375461) (378.000000 -46.000000 525.000000) 
4 15 24 (374.733013 514.999000 524.375461) (378.000000 514.999000 525.000000) (378.000000 -46.000000 525.000000) (374.733013 -46.000000 524.375461) 
4 15 16 (372.000000 514.999000 526.147000) (374.733013 514.999000 524.375461) (374.733013 -46.000000 524.375461) (372.000000 -46.000000 526.147000) 
3 16 73 (367.000000 -46.000000 529.388000) (370.573264 -46.000000 523.580256) (374.733013 -46.000000 524.375461) 
4 16 24 (370.573264 -46.000000 523.580256) (370.573264 514.999000 523.580256) (374.733013 514.999000 524.375461) (374.733013 -46.000000 524.375461) 
4 16 25 (370.573264 -46.000000 523.580256) (367.000000 -46.000000 529.388000) (367.000000 514.999000 529.388000) (370.573264 514.999000 523.580256) 
3 17 74 (400.365546 -46.000000 529.275547) (391.259268 -46.000000 527.534730) (387.000000 -46.000000 520.612000) 
4 17 19 (392.000000 514.999000 523.853000) (398.000000 514.999000 527.742200) (398.000000 -46.000000 527.742200) (392.000000 -46.000000 523.853000) 
4 17 18 (398.000000 514.999000 527.742200) (400.365546 514.999000 529.275547) (400.365546 -46.000000 529.275547) (398.000000 -46.000000 527.742200) 
4 17 22 (387.000000 -46.000000 520.612000) (391.259268 -46.000000 527.534730) (391.259268 514.999000 527.534730) (387.000000 514.999000 520.612000) 
4 18 75 (409.000000 -46.000000 520.612000) (403.321956 -46.000000 529.840714) (400.365546 -46.000000 529.275547) (398.000000 -46.000000 527.742200) 
4 18 20 (401.266987 514.999000 525.624539) (404.000000 514.999000 523.853000) (404.000000 -46.000000 523.853000) (401.266987 -46.000000 525.624539) 
4 18 19 (398.000000 514.999000 527.742200) (401.266987 514.999000 525.624539) (401.266987 -46.000000 525.624539) (398.000000 -46.000000 527.742200) 
3 19 76 (401.266987 -46.000000 525.624539) (398.000000 -46.000000 527.742200) (392.000000 -46.000000 523.853000) 
4 19 20 (401.266987 -46.000000 525.624539) (398.000000 -46.000000 525.000000) (398.000000 514.999000 525.000000) (401.266987 514.999000 525.624539) 
3 20 77 (404.000000 -46.000000 523.853000) (401.266987 -46.000000 525.624539) (398.000000 -46.000000 525.000000) 
3 21 78 (384.000000 -46.000000 504.264000) (384.576163 -46.000000 500.959131) (387.000000 -46.000000 499.388000) 
4 21 28 (384.576163 514.999000 500.959131) (387.000000 514.999000 499.388000) (387.000000 -46.000000 499.388000) (384.576163 -46.000000 500.959131) 
4 21 23 (384.576163 514.999000 500.959131) (384.576163 -46.000000 500.959131) (384.000000 -46.000000 504.264000) (384.000000 514.999000 504.264000) 
3 22 79 (391.259268 -46.000000 527.534730) (385.877604 -46.000000 526.505935) (384.000000 -46.000000 515.736000) 
4 22 24 (384.000000 -46.000000 515.736000) (385.877604 -46.000000 526.505935) (385.877604 514.999000 526.505935) (384.000000 514.999000 515.736000) 
4 23 80 (383.000000 -46.000000 510.000000) (382.101069 -46.000000 504.843730) (384.434673 -46.000000 501.050845) (384.576163 -46.000000 500.959131) 
4 23 24 (382.101069 -46.000000 504.843730) (383.000000 -46.000000 510.000000) (383.000000 514.999000 510.000000) (382.101069 514.999000 504.843730) 
4 23 28 (384.434673 514.999000 501.050845) (384.576163 514.999000 500.959131) (384.576163 -46.000000 500.959131) (384.434673 -46.000000 501.050845) 
4 23 25 (384.434673 514.999000 501.050845) (384.434673 -46.000000 501.050845) (382.101069 -46.000000 504.843730) (382.101069 514.999000 504.843730) 
3 24 81 (385.877604 -46.000000 526.505935) (370.573264 -46.000000 523.580256) (382.101069 -46.000000 504.843730) 
4 24 25 (382.101069 -46.000000 504.843730) (370.573264 -46.000000 523.580256) (370.573264 514.999000 523.580256) (382.101069 514.999000 504.843730) 
3 25 83 (364.000000 -46.000000 534.264000) (367.924565 -46.000000 511.752697) (384.434673 -46.000000 501.050845) 
4 25 29 (367.924565 -46.000000 511.752697) (364.000000 -46.000000 534.264000) (364.000000 514.999000 534.264000) (367.924565 514.999000 511.752697) 
4 25 28 (367.924565 -46.000000 511.752697) (367.924565 514.999000 511.752697) (384.434673 514.999000 501.050845) (384.434673 -46.000000 501.050845) 
3 26 82 (378.113418 -46.000000 568.675009) (369.777065 -46.000000 578.873244) (364.000000 -46.000000 545.736000) 
4 26 27 (369.777065 514.999000 578.873244) (364.000000 514.999000 545.736000) (364.000000 -46.000000 545.736000) (369.777065 -46.000000 578.873244) 
4 27 84 (369.777065 -46.000000 578.873244) (357.000000 -46.000000 594.504000) (353.133581 -46.000000 596.593777) (363.000000 -46.000000 540.000000) 
4 27 29 (363.000000 -46.000000 540.000000) (353.133581 -46.000000 596.593777) (353.133581 514.999000 596.593777) (363.000000 514.999000 540.000000) 
3 28 85 (369.908984 -46.000000 500.370066) (392.000000 -46.000000 496.147000) (367.924565 -46.000000 511.752697) 
4 28 29 (369.908984 514.999000 500.370066) (369.908984 -46.000000 500.370066) (367.924565 -46.000000 511.752697) (367.924565 514.999000 511.752697) 
4 28 32 (392.000000 -46.000000 496.147000) (369.908984 -46.000000 500.370066) (369.908984 514.999000 500.370066) (392.000000 514.999000 496.147000) 
4 29 97 (15.000000 -46.000000 604.961638) (15.000000 -46.000000 613.421299) (15.000000 516.000000 613.421299) (15.000000 516.000000 604.961638) 
4 29 96 (15.000000 -46.000000 568.216833) (15.000000 -46.000000 604.961638) (15.000000 516.000000 604.961638) (15.000000 516.000000 568.216833) 
7 29 87 (67.000000 -46.000000 641.527000) (15.000000 -46.000000 613.421299) (15.000000 -46.000000 568.216833) (369.908984 -46.000000 500.370066) (353.133581 -46.000000 596.593777) (270.000000 -46.000000 641.527000) (169.000000 -46.000000 658.321000) 
4 29 32 (15.000000 -46.000000 568.216833) (15.000000 516.000000 568.216833) (369.908984 516.000000 500.370066) (369.908984 -46.000000 500.370066) 
3 30 88 (404.000000 -46.000000 496.147000) (420.791279 -46.000000 499.356933) (419.201007 -46.000000 506.000293) 
4 30 31 (404.000000 516.000000 496.147000) (420.791279 516.000000 499.356933) (420.791279 -46.000000 499.356933) (404.000000 -46.000000 496.147000) 
3 31 89 (398.000000 -46.000000 495.000000) (422.977214 -46.000000 490.225189) (420.791279 -46.000000 499.356933) 
4 31 32 (398.000000 516.000000 495.000000) (422.977214 516.000000 490.225189) (422.977214 -46.000000 490.225189) (398.000000 -46.000000 495.000000) 
4 32 96 (15.000000 -46.000000 490.000000) (15.000000 -46.000000 568.216833) (15.000000 516.000000 568.216833) (15.000000 516.000000 490.000000) 
4 32 90 (15.000000 -46.000000 568.216833) (15.000000 -46.000000 490.000000) (423.031119 -46.000000 490.000000) (422.977214 -46.000000 490.225189) 
4 32 49 (362.000000 4.000000 490.000000) (362.000000 17.000000 490.000000) (412.014943 17.000000 490.000000) (412.014943 4.000000 490.000000) 
4 32 48 (423.031119 -46.000000 490.000000) (412.014943 -46.000000 490.000000) (412.014943 17.000000 490.000000) (423.031119 17.000000 490.000000) 
4 32 50 (362.000000 -46.000000 490.000000) (15.000000 -46.000000 490.000000) (15.000000 17.000000 490.000000) (362.000000 17.000000 490.000000) 
4 32 47 (15.000000 17.000000 490.000000) (15.000000 67.000000 490.000000) (354.000000 67.000000 490.000000) (354.000000 17.000000 490.000000) 
4 32 46 (404.000000 67.000000 490.000000) (423.031119 67.000000 490.000000) (423.031119 17.000000 490.000000) (404.000000 17.000000 490.000000) 
4 32 44 (15.000000 75.000000 490.000000) (15.000000 125.000000 490.000000) (372.000000 125.000000 490.000000) (372.000000 75.000000 490.000000) 
4 32 43 (15.000000 125.000000 490.000000) (15.000000 325.000000 490.000000) (422.000000 325.000000 490.000000) (422.000000 125.000000 490.000000) 
4 32 42 (422.000000 325.000000 490.000000) (423.031119 325.000000 490.000000) (423.031119 75.000000 490.000000) (422.000000 75.000000 490.000000) 
4 32 45 (15.000000 67.000000 490.000000) (15.000000 75.000000 490.000000) (423.031119 75.000000 490.000000) (423.031119 67.000000 490.000000) 
4 32 40 (417.000000 375.000000 490.000000) (423.031119 375.000000 490.000000) (423.031119 325.000000 490.000000) (417.000000 325.000000 490.000000) 
4 32 41 (15.000000 325.000000 490.000000) (15.000000 375.000000 490.000000) (367.000000 375.000000 490.000000) (367.000000 325.000000 490.000000) 
4 32 37 (373.000000 449.000000 490.000000) (423.031119 449.000000 490.000000) (423.031119 438.000000 490.000000) (373.000000 438.000000 490.000000) 
4 32 38 (15.000000 388.000000 490.000000) (15.000000 449.000000 490.000000) (373.000000 449.000000 490.000000) (373.000000 388.000000 490.000000) 
4 32 39 (15.000000 375.000000 490.000000) (15.000000 388.000000 490.000000) (423.031119 388.000000 490.000000) (423.031119 375.000000 490.000000) 
4 32 35 (15.000000 449.000000 490.000000) (15.000000 499.000000 490.000000) (360.000000 499.000000 490.000000) (360.000000 449.000000 490.000000) 
4 32 34 (15.000000 499.000000 490.000000) (15.000000 516.000000 490.000000) (410.000000 516.000000 490.000000) (410.000000 499.000000 490.000000) 
4 32 33 (410.000000 516.000000 490.000000) (423.031119 516.000000 490.000000) (423.031119 449.000000 490.000000) (410.000000 449.000000 490.000000) 
4 33 37 (410.000000 449.000000 440.000000) (423.000000 449.000000 440.000000) (423.031119 449.000000 490.000000) (410.000000 449.000000 490.000000) 
3 33 36 (423.000000 449.000000 440.000000) (435.000000 449.000000 440.000000) (423.031119 449.000000 490.000000) 
4 33 34 (410.000000 516.000000 490.000000) (410.000000 516.000000 440.000000) (410.000000 499.000000 440.000000) (410.000000 499.000000 490.000000) 
4 34 129 (15.000000 499.000000 490.000000) (15.000000 516.000000 490.000000) (15.000000 516.000000 440.000000) (15.000000 499.000000 440.000000) 
4 34 51 (88.000000 516.000000 440.000000) (249.000000 516.000000 440.000000) (249.000000 499.000000 440.000000) (88.000000 499.000000 440.000000) 
4 34 35 (15.000000 499.000000 440.000000) (360.000000 499.000000 440.000000) (360.000000 499.000000 490.000000) (15.000000 499.000000 490.000000) 
4 35 129 (15.000000 449.000000 490.000000) (15.000000 499.000000 490.000000) (15.000000 499.000000 440.000000) (15.000000 449.000000 440.000000) 
4 35 51 (88.000000 499.000000 440.000000) (249.000000 499.000000 440.000000) (249.000000 449.000000 440.000000) (88.000000 449.000000 440.000000) 
4 35 38 (15.000000 449.000000 440.000000) (360.000000 449.000000 440.000000) (360.000000 449.000000 490.000000) (15.000000 449.000000 490.000000) 
3 36 40 (423.000000 375.000000 440.000000) (435.000000 375.000000 440.000000) (423.031119 375.000000 490.000000) 
4 36 37 (423.000000 449.000000 490.000000) (423.000000 449.000000 440.000000) (423.000000 438.000000 440.000000) (423.000000 438.000000 490.000000) 
4 36 39 (423.000000 388.000000 440.000000) (423.000000 375.000000 440.000000) (423.000000 375.000000 490.000000) (423.000000 388.000000 490.000000) 
4 37 38 (373.000000 449.000000 490.000000) (373.000000 449.000000 440.000000) (373.000000 438.000000 440.000000) (373.000000 438.000000 490.000000) 
4 38 129 (15.000000 388.000000 490.000000) (15.000000 449.000000 490.000000) (15.000000 449.000000 440.000000) (15.000000 388.000000 440.000000) 
4 38 51 (88.000000 449.000000 440.000000) (249.000000 449.000000 440.000000) (249.000000 388.000000 440.000000) (88.000000 388.000000 440.000000) 
4 38 39 (15.000000 388.000000 440.000000) (373.000000 388.000000 440.000000) (373.000000 388.000000 490.000000) (15.000000 388.000000 490.000000) 
4 39 129 (15.000000 375.000000 490.000000) (15.000000 388.000000 490.000000) (15.000000 388.000000 440.000000) (15.000000 375.000000 440.000000) 
4 39 51 (88.000000 388.000000 440.000000) (249.000000 388.000000 440.000000) (249.000000 375.000000 440.000000) (88.000000 375.000000 440.000000) 
4 39 40 (417.000000 375.000000 440.000000) (423.000000 375.000000 440.000000) (423.031119 375.000000 490.000000) (417.000000 375.000000 490.000000) 
4 39 41 (15.000000 375.000000 490.000000) (15.000000 375.000000 440.000000) (367.000000 375.000000 440.000000) (367.000000 375.000000 490.000000) 
4 40 43 (417.000000 325.000000 440.000000) (422.000000 325.000000 440.000000) (422.000000 325.000000 490.000000) (417.000000 325.000000 490.000000) 
4 40 42 (422.000000 325.000000 440.000000) (435.000000 325.000000 440.000000) (423.031119 325.000000 490.000000) (422.000000 325.000000 490.000000) 
4 41 129 (15.000000 325.000000 490.000000) (15.000000 375.000000 490.000000) (15.000000 375.000000 440.000000) (15.000000 325.000000 440.000000) 
4 41 51 (88.000000 375.000000 440.000000) (249.000000 375.000000 440.000000) (249.000000 325.000000 440.000000) (88.000000 325.000000 440.000000) 
4 41 43 (15.000000 325.000000 490.000000) (15.000000 325.000000 440.000000) (367.000000 325.000000 440.000000) (367.000000 325.000000 490.000000) 
4 42 43 (422.000000 325.000000 440.000000) (422.000000 125.000000 440.000000) (422.000000 125.000000 490.000000) (422.000000 325.000000 490.000000) 
4 42 45 (422.000000 75.000000 440.000000) (435.000000 75.000000 440.000000) (423.031119 75.000000 490.000000) (422.000000 75.000000 490.000000) 
4 43 129 (15.000000 125.000000 490.000000) (15.000000 325.000000 490.000000) (15.000000 325.000000 440.000000) (15.000000 125.000000 440.000000) 
4 43 51 (88.000000 325.000000 440.000000) (249.000000 325.000000 440.000000) (249.000000 125.000000 440.000000) (88.000000 125.000000 440.000000) 
4 43 44 (15.000000 125.000000 440.000000) (372.000000 125.000000 440.000000) (372.000000 125.000000 490.000000) (15.000000 125.000000 490.000000) 
4 44 129 (15.000000 75.000000 490.000000) (15.000000 125.000000 490.000000) (15.000000 125.000000 440.000000) (15.000000 75.000000 440.000000) 
4 44 51 (88.000000 125.000000 440.000000) (249.000000 125.000000 440.000000) (249.000000 75.000000 440.000000) (88.000000 75.000000 440.000000) 
4 44 45 (15.000000 75.000000 440.000000) (372.000000 75.000000 440.000000) (372.000000 75.000000 490.000000) (15.000000 75.000000 490.000000) 
4 45 129 (15.000000 67.000000 490.000000) (15.000000 75.000000 490.000000) (15.000000 75.000000 440.000000) (15.000000 67.000000 440.000000) 
4 45 51 (88.000000 75.000000 440.000000) (249.000000 75.000000 440.000000) (249.000000 67.000000 440.000000) (88.000000 67.000000 440.000000) 
4 45 47 (15.000000 67.000000 440.000000) (354.000000 67.000000 440.000000) (354.000000 67.000000 490.000000) (15.000000 67.000000 490.000000) 
4 45 46 (404.000000 67.000000 440.000000) (435.000000 67.000000 440.000000) (423.031119 67.000000 490.000000) (404.000000 67.000000 490.000000) 
4 46 49 (404.000000 17.000000 440.000000) (412.014943 17.000000 440.000000) (412.014943 17.000000 490.000000) (404.000000 17.000000 490.000000) 
4 46 48 (412.014943 17.000000 440.000000) (435.000000 17.000000 440.000000) (423.031119 17.000000 490.000000) (412.014943 17.000000 490.000000) 
4 47 129 (15.000000 17.000000 490.000000) (15.000000 67.000000 490.000000) (15.000000 67.000000 440.000000) (15.000000 17.000000 440.000000) 
4 47 51 (88.000000 67.000000 440.000000) (249.000000 67.000000 440.000000) (249.000000 17.000000 440.000000) (88.000000 17.000000 440.000000) 
4 47 50 (15.000000 17.000000 440.000000) (354.000000 17.000000 440.000000) (354.000000 17.000000 490.000000) (15.000000 17.000000 490.000000) 
4 48 90 (412.014943 -46.000000 440.000000) (435.000000 -46.000000 440.000000) (423.031119 -46.000000 490.000000) (412.014943 -46.000000 490.000000) 
4 48 49 (412.014943 17.000000 440.000000) (412.014943 4.000000 440.000000) (412.014943 4.000000 490.000000) (412.014943 17.000000 490.000000) 
4 49 50 (362.000000 17.000000 490.000000) (362.000000 17.000000 440.000000) (362.000000 4.000000 440.000000) (362.000000 4.000000 490.000000) 
4 50 129 (15.000000 -46.000000 440.000000) (15.000000 -46.000000 490.000000) (15.000000 17.000000 490.000000) (15.000000 17.000000 440.000000) 
4 50 90 (15.000000 -46.000000 490.000000) (15.000000 -46.000000 440.000000) (362.000000 -46.000000 440.000000) (362.000000 -46.000000 490.000000) 
4 50 51 (249.000000 -46.000000 440.000000) (88.000000 -46.000000 440.000000) (88.000000 17.000000 440.000000) (249.000000 17.000000 440.000000) 
4 51 91 (249.000000 -46.000000 440.000000) (88.000000 -46.000000 440.000000) (88.000000 -46.000000 408.000000) (249.000000 -46.000000 408.000000) 
4 52 139 (15.000000 379.557851 408.000000) (15.000000 459.442982 408.000000) (15.000000 459.442982 340.000000) (15.000000 379.557851 340.000000) 
5 52 54 (15.000000 379.557851 340.000000) (15.000000 456.000000 340.000000) (19.893506 456.000000 340.000000) (25.000000 452.407164 340.000000) (25.000000 386.596419 340.000000) 
5 52 53 (25.000000 452.407164 340.000000) (26.999719 451.000198 340.000000) (36.999976 419.999925 340.000000) (27.001655 388.005297 340.000000) (25.000000 386.596419 340.000000) 
4 53 92 (448.848175 -46.000000 340.000000) (25.000000 -46.000000 340.000000) (25.000000 -46.000000 0.000000) (448.848175 -46.000000 0.000000) 
4 53 58 (81.899000 285.000000 0.000000) (182.249926 285.000000 0.000000) (190.869724 278.308143 0.000000) (223.092000 175.385000 0.000000) 
4 53 57 (190.869724 278.308143 0.000000) (271.670000 215.580000 0.000000) (308.582786 97.685790 0.000000) (278.000000 0.000000 0.000000) 
4 53 56 (339.005873 0.518760 0.000000) (324.443347 -46.000000 0.000000) (263.598641 -46.000000 0.000000) (308.582786 97.685790 0.000000) 
4 53 55 (25.000000 285.000000 0.000000) (25.000000 350.000000 0.000000) (98.523265 350.000000 0.000000) (182.249926 285.000000 0.000000) 
4 53 54 (25.000000 456.000000 0.000000) (25.000000 -46.000000 0.000000) (25.000000 -46.000000 340.000000) (25.000000 456.000000 340.000000) 
4 54 155 (15.000000 -46.000000 0.000000) (15.000000 -46.000000 340.000000) (15.000000 456.000000 340.000000) (15.000000 456.000000 0.000000) 
4 54 92 (25.000000 -46.000000 340.000000) (15.000000 -46.000000 340.000000) (15.000000 -46.000000 0.000000) (25.000000 -46.000000 0.000000) 
4 54 55 (15.000000 285.000000 0.000000) (15.000000 350.000000 0.000000) (25.000000 350.000000 0.000000) (25.000000 285.000000 0.000000) 
4 55 158 (15.000000 285.000000 0.000000) (15.000000 350.000000 0.000000) (15.000000 350.000000 -150.000000) (15.000000 285.000000 -150.000000) 
4 55 58 (81.899000 285.000000 -150.000000) (182.249926 285.000000 -150.000000) (182.249926 285.000000 0.000000) (81.899000 285.000000 0.000000) 
4 56 93 (324.443347 -46.000000 0.000000) (263.598641 -46.000000 0.000000) (263.598641 -46.000000 -150.000000) (324.443347 -46.000000 -150.000000) 
4 56 57 (308.582786 97.685790 -150.000000) (278.000000 -0.000000 -150.000000) (278.000000 0.000000 0.000000) (308.582786 97.685790 0.000000) 
4 57 58 (190.869724 278.308143 0.000000) (190.869724 278.308143 -150.000000) (223.092000 175.385000 -150.000000) (223.092000 175.385000 0.000000) 
4 59 86 (409.000000 -530.975311 499.388000) (409.000000 -532.000000 499.388000) (412.000000 -532.000000 504.264000) (412.000000 -530.974311 504.264000) 
4 59 60 (412.000000 -532.000000 504.264000) (417.483270 -532.000000 513.176141) (417.483270 -46.000000 513.176141) (412.000000 -46.000000 504.264000) 
4 59 88 (409.000000 -46.000000 499.388000) (419.201007 -46.000000 506.000293) (419.201007 -532.000000 506.000293) (409.000000 -532.000000 499.388000) 
4 60 61 (413.000000 -530.974311 510.000000) (415.209613 -530.974311 522.674341) (415.209613 -46.000000 522.674341) (413.000000 -46.000000 510.000000) 
4 60 86 (412.000000 -530.974311 504.264000) (412.000000 -532.000000 504.264000) (415.209613 -532.000000 522.674341) (415.209613 -530.974311 522.674341) 
4 61 63 (409.455149 -46.000000 530.333265) (412.000000 -46.000000 515.736000) (412.000000 -530.975241 515.736000) (409.455149 -530.977608 530.333265) 
4 61 86 (415.209613 -530.974311 522.674341) (415.000000 -530.974479 523.550000) (409.455149 -530.977608 530.333265) (413.000000 -530.974311 510.000000) 
4 62 64 (383.830191 -530.992056 561.521330) (372.000000 -530.996937 553.853000) (372.000000 -46.000000 553.853000) (383.830191 -46.000000 561.521330) 
4 62 63 (383.915733 -530.992021 561.576778) (383.830191 -530.992056 561.521330) (383.830191 -46.000000 561.521330) (383.915733 -46.000000 561.576778) 
3 62 86 (383.915733 -530.992021 561.576778) (378.113418 -530.995296 568.675009) (367.000000 -530.999000 550.612000) 
4 62 82 (367.000000 -530.999000 550.612000) (378.113418 -530.995296 568.675009) (378.113418 -46.000000 568.675009) (367.000000 -46.000000 550.612000) 
4 63 75 (409.000000 -530.977032 520.612000) (403.321956 -530.980421 529.840714) (403.321956 -46.000000 529.840714) (409.000000 -46.000000 520.612000) 
4 63 67 (403.321956 -530.980421 529.840714) (391.565327 -530.987439 548.949155) (391.565327 -46.000000 548.949155) (403.321956 -46.000000 529.840714) 
4 63 66 (391.565327 -530.987439 548.949155) (389.154445 -530.988878 552.867642) (389.154445 -46.000000 552.867642) (391.565327 -46.000000 548.949155) 
4 63 65 (389.154445 -530.988878 552.867642) (386.806680 -530.990280 556.683544) (386.806680 -46.000000 556.683544) (389.154445 -46.000000 552.867642) 
4 63 64 (386.806680 -530.990280 556.683544) (383.830191 -530.992056 561.521330) (383.830191 -46.000000 561.521330) (386.806680 -46.000000 556.683544) 
4 63 86 (409.455149 -530.977608 530.333265) (383.915733 -530.992021 561.576778) (383.830191 -530.992056 561.521330) (412.000000 -530.975241 515.736000) 
4 64 65 (386.806680 -530.990280 556.683544) (378.000000 -530.994239 555.000000) (378.000000 -46.000000 555.000000) (386.806680 -46.000000 556.683544) 
3 64 86 (383.830191 -530.992056 561.521330) (372.000000 -530.996937 553.853000) (386.806680 -530.990280 556.683544) 
4 65 66 (389.154445 -530.988878 552.867642) (384.000000 -530.991356 553.853000) (384.000000 -46.000000 553.853000) (389.154445 -46.000000 552.867642) 
3 65 86 (389.154445 -530.988878 552.867642) (386.806680 -530.990280 556.683544) (378.000000 -530.994239 555.000000) 
4 66 67 (391.565327 -530.987439 548.949155) (389.000000 -530.988767 550.612000) (389.000000 -46.000000 550.612000) (391.565327 -46.000000 548.949155) 
3 66 86 (391.565327 -530.987439 548.949155) (389.154445 -530.988878 552.867642) (384.000000 -530.991356 553.853000) 
4 67 75 (401.942013 -46.000000 529.576915) (403.321956 -46.000000 529.840714) (403.321956 -530.980421 529.840714) (401.942013 -530.981042 529.576915) 
4 67 68 (398.335249 -530.983195 535.439108) (392.000000 -530.986976 545.736000) (392.000000 -46.000000 545.736000) (398.335249 -46.000000 535.439108) 
4 67 71 (401.942013 -530.981042 529.576915) (398.335249 -530.983195 535.439108) (398.335249 -46.000000 535.439108) (401.942013 -46.000000 529.576915) 
4 67 86 (401.942013 -530.981042 529.576915) (403.321956 -530.980421 529.840714) (391.565327 -530.987439 548.949155) (389.000000 -530.988767 550.612000) 
4 68 70 (393.558413 -530.985527 536.796941) (393.000000 -530.986046 540.000000) (393.000000 -46.000000 540.000000) (393.558413 -46.000000 536.796941) 
4 68 69 (394.256101 -530.984878 532.795005) (393.558413 -530.985527 536.796941) (393.558413 -46.000000 536.796941) (394.256101 -46.000000 532.795005) 
4 68 71 (398.335249 -530.983195 535.439108) (394.256101 -530.984878 532.795005) (394.256101 -46.000000 532.795005) (398.335249 -46.000000 535.439108) 
3 68 86 (394.256101 -530.984878 532.795005) (398.335249 -530.983195 535.439108) (392.000000 -530.986976 545.736000) 
4 69 70 (393.558413 -46.000000 536.796941) (392.000000 -46.000000 534.264000) (392.000000 -530.986046 534.264000) (393.558413 -530.985527 536.796941) 
3 69 86 (389.000000 -530.987046 529.388000) (394.256101 -530.984878 532.795005) (393.558413 -530.985527 536.796941) 
4 69 71 (394.256101 -530.984878 532.795005) (389.000000 -530.987046 529.388000) (389.000000 -46.000000 529.388000) (394.256101 -46.000000 532.795005) 
3 70 86 (392.000000 -530.986046 534.264000) (393.558413 -530.985527 536.796941) (393.000000 -530.986046 540.000000) 
4 71 75 (400.365546 -46.000000 529.275547) (401.942013 -46.000000 529.576915) (401.942013 -530.981042 529.576915) (400.365546 -530.981750 529.275547) 
4 71 74 (391.259268 -46.000000 527.534730) (400.365546 -46.000000 529.275547) (400.365546 -530.981750 529.275547) (391.259268 -530.985845 527.534730) 
4 71 79 (385.877604 -46.000000 526.505935) (391.259268 -46.000000 527.534730) (391.259268 -530.985845 527.534730) (385.877604 -530.988265 526.505935) 
4 71 81 (384.000000 -46.000000 526.147000) (385.877604 -46.000000 526.505935) (385.877604 -530.988265 526.505935) (384.000000 -530.989109 526.147000) 
3 71 86 (384.000000 -530.989109 526.147000) (401.942013 -530.981042 529.576915) (398.335249 -530.983195 535.439108) 
4 72 81 (374.733013 -46.000000 524.375461) (378.000000 -46.000000 525.000000) (378.000000 -530.991807 525.000000) (374.733013 -530.993276 524.375461) 
3 72 86 (372.000000 -530.994690 526.147000) (374.733013 -530.993276 524.375461) (378.000000 -530.991807 525.000000) 
4 72 73 (372.000000 -46.000000 526.147000) (374.733013 -46.000000 524.375461) (374.733013 -530.993276 524.375461) (372.000000 -530.994690 526.147000) 
4 73 81 (370.573264 -530.995146 523.580256) (370.573264 -46.000000 523.580256) (374.733013 -46.000000 524.375461) (374.733013 -530.993276 524.375461) 
3 73 86 (367.000000 -530.997279 529.388000) (370.573264 -530.995146 523.580256) (374.733013 -530.993276 524.375461) 
4 73 83 (370.573264 -530.995146 523.580256) (367.000000 -530.997279 529.388000) (367.000000 -46.000000 529.388000) (370.573264 -46.000000 523.580256) 
4 74 76 (392.000000 -46.000000 523.853000) (398.000000 -46.000000 527.742200) (398.000000 -530.982726 527.742200) (392.000000 -530.985202 523.853000) 
4 74 75 (398.000000 -46.000000 527.742200) (400.365546 -46.000000 529.275547) (400.365546 -530.981750 529.275547) (398.000000 -530.982726 527.742200) 
3 74 86 (400.365546 -530.981750 529.275547) (391.259268 -530.985845 527.534730) (387.000000 -530.987265 520.612000) 
4 74 79 (387.000000 -530.987265 520.612000) (391.259268 -530.985845 527.534730) (391.259268 -46.000000 527.534730) (387.000000 -46.000000 520.612000) 
4 75 77 (401.266987 -46.000000 525.624539) (404.000000 -46.000000 523.853000) (404.000000 -530.979620 523.853000) (401.266987 -530.981035 525.624539) 
4 75 76 (398.000000 -46.000000 527.742200) (401.266987 -46.000000 525.624539) (401.266987 -530.981035 525.624539) (398.000000 -530.982726 527.742200) 
4 75 86 (409.000000 -530.977032 520.612000) (403.321956 -530.980421 529.840714) (400.365546 -530.981750 529.275547) (398.000000 -530.982726 527.742200) 
4 76 77 (401.266987 -530.981035 525.624539) (398.000000 -530.982504 525.000000) (398.000000 -46.000000 525.000000) (401.266987 -46.000000 525.624539) 
3 76 86 (401.266987 -530.981035 525.624539) (398.000000 -530.982726 527.742200) (392.000000 -530.985202 523.853000) 
3 77 86 (404.000000 -530.979620 523.853000) (401.266987 -530.981035 525.624539) (398.000000 -530.982504 525.000000) 
3 78 86 (384.576163 -530.986798 500.959131) (387.000000 -530.985544 499.388000) (384.000000 -530.987334 504.264000) 
4 78 85 (384.576163 -46.000000 500.959131) (387.000000 -46.000000 499.388000) (387.000000 -530.985544 499.388000) (384.576163 -530.986798 500.959131) 
4 78 80 (384.576163 -46.000000 500.959131) (384.576163 -530.986798 500.959131) (384.000000 -530.987334 504.264000) (384.000000 -46.000000 504.264000) 
3 79 86 (391.259268 -530.985845 527.534730) (385.877604 -530.988265 526.505935) (384.000000 -530.988265 515.736000) 
4 79 81 (384.000000 -530.988265 515.736000) (385.877604 -530.988265 526.505935) (385.877604 -46.000000 526.505935) (384.000000 -46.000000 515.736000) 
4 80 81 (382.101069 -530.988265 504.843730) (383.000000 -530.988265 510.000000) (383.000000 -46.000000 510.000000) (382.101069 -46.000000 504.843730) 
4 80 86 (382.101069 -530.988265 504.843730) (384.434673 -530.986872 501.050845) (384.576163 -530.986798 500.959131) (383.000000 -530.988265 510.000000) 
4 80 85 (384.434673 -46.000000 501.050845) (384.576163 -46.000000 500.959131) (384.576163 -530.986798 500.959131) (384.434673 -530.986872 501.050845) 
4 80 83 (384.434673 -46.000000 501.050845) (384.434673 -530.986872 501.050845) (382.101069 -530.988265 504.843730) (382.101069 -46.000000 504.843730) 
4 81 83 (382.101069 -530.988265 504.843730) (370.573264 -530.995146 523.580256) (370.573264 -46.000000 523.580256) (382.101069 -46.000000 504.843730) 
3 81 86 (370.573264 -530.995146 523.580256) (382.101069 -530.988265 504.843730) (385.877604 -530.988265 526.505935) 
3 82 86 (378.113418 -530.995296 568.675009) (369.777065 -531.000000 578.873244) (364.000000 -531.000000 545.736000) 
4 82 84 (364.000000 -531.000000 545.736000) (369.777065 -531.000000 578.873244) (369.777065 -46.000000 578.873244) (364.000000 -46.000000 545.736000) 
4 83 87 (367.924565 -530.995419 511.752697) (364.000000 -530.999070 534.264000) (364.000000 -46.000000 534.264000) (367.924565 -46.000000 511.752697) 
3 83 86 (364.000000 -530.999070 534.264000) (367.924565 -530.995419 511.752697) (384.434673 -530.986872 501.050845) 
4 83 85 (367.924565 -530.995419 511.752697) (367.924565 -46.000000 511.752697) (384.434673 -46.000000 501.050845) (384.434673 -530.986872 501.050845) 
4 84 87 (363.000000 -531.000000 540.000000) (353.133581 -531.009178 596.593777) (353.133581 -46.000000 596.593777) (363.000000 -46.000000 540.000000) 
4 84 86 (369.777065 -531.000000 578.873244) (357.000000 -531.007211 594.504000) (353.133581 -531.009178 596.593777) (363.000000 -531.000000 540.000000) 
4 85 87 (369.908984 -46.000000 500.370066) (369.908984 -530.993573 500.370066) (367.924565 -530.995419 511.752697) (367.924565 -46.000000 511.752697) 
3 85 86 (367.924565 -530.995419 511.752697) (369.908984 -530.993573 500.370066) (392.000000 -530.982955 496.147000) 
4 85 90 (369.908984 -530.993573 500.370066) (369.908984 -46.000000 500.370066) (392.000000 -46.000000 496.147000) (392.000000 -530.982955 496.147000) 
4 86 87 (369.908984 -530.993573 500.370066) (369.908984 -532.000000 500.370066) (353.133581 -532.000000 596.593777) (353.133581 -531.009178 596.593777) 
4 86 88 (404.000000 -532.000000 496.147000) (404.000000 -530.977374 496.147000) (409.000000 -530.975311 499.388000) (409.000000 -532.000000 499.388000) 
4 86 89 (398.000000 -532.000000 495.000000) (398.000000 -530.980071 495.000000) (404.000000 -530.977374 496.147000) (404.000000 -532.000000 496.147000) 
4 86 90 (398.000000 -532.000000 495.000000) (369.908984 -532.000000 500.370066) (369.908984 -530.993573 500.370066) (398.000000 -530.980071 495.000000) 
4 87 97 (15.000000 -46.000000 613.421299) (15.000000 -46.000000 604.961638) (15.000000 -532.000000 604.961638) (15.000000 -532.000000 613.421299) 
4 87 96 (15.000000 -46.000000 604.961638) (15.000000 -46.000000 568.216833) (15.000000 -532.000000 568.216833) (15.000000 -532.000000 604.961638) 
4 87 90 (369.908984 -532.000000 500.370066) (15.000000 -532.000000 568.216833) (15.000000 -46.000000 568.216833) (369.908984 -46.000000 500.370066) 
4 88 89 (404.000000 -46.000000 496.147000) (420.791279 -46.000000 499.356933) (420.791279 -532.000000 499.356933) (404.000000 -532.000000 496.147000) 
4 89 90 (422.977214 -532.000000 490.225189) (398.000000 -532.000000 495.000000) (398.000000 -46.000000 495.000000) (422.977214 -46.000000 490.225189) 
4 90 129 (15.000000 -46.000000 490.000000) (15.000000 -46.000000 440.000000) (15.000000 -532.000000 440.000000) (15.000000 -532.000000 490.000000) 
4 90 96 (15.000000 -46.000000 568.216833) (15.000000 -46.000000 490.000000) (15.000000 -532.000000 490.000000) (15.000000 -532.000000 568.216833) 
4 90 91 (249.000000 -532.000000 440.000000) (88.000000 -532.000000 440.000000) (88.000000 -46.000000 440.000000) (249.000000 -46.000000 440.000000) 
4 92 155 (15.000000 -46.000000 340.000000) (15.000000 -46.000000 0.000000) (15.000000 -470.250000 0.000000) (15.000000 -470.250000 340.000000) 
3 92 94 (15.000000 -336.937425 0.000000) (15.000000 -285.000000 0.000000) (81.899000 -285.000000 0.000000) 
5 92 95 (15.000000 -349.000000 0.000000) (15.000000 -336.937425 0.000000) (223.092000 -175.384000 0.000000) (191.284670 -276.981159 0.000000) (98.520000 -349.000000 0.000000) 
4 92 93 (263.598641 -46.000000 0.000000) (324.443347 -46.000000 0.000000) (271.672833 -214.570952 0.000000) (191.284670 -276.981159 0.000000) 
4 93 95 (223.092000 -175.384000 -150.000000) (191.284670 -276.981159 -150.000000) (191.284670 -276.981159 0.000000) (223.092000 -175.384000 0.000000) 
4 94 163 (15.000000 -336.937425 0.000000) (15.000000 -285.000000 0.000000) (15.000000 -285.000000 -150.000000) (15.000000 -336.937425 -150.000000) 
4 94 95 (15.000000 -336.937425 -150.000000) (81.899000 -285.000000 -150.000000) (81.899000 -285.000000 0.000000) (15.000000 -336.937425 0.000000) 
4 95 163 (15.000000 -349.000000 0.000000) (15.000000 -336.937425 0.000000) (15.000000 -336.937425 -150.000000) (15.000000 -349.000000 -150.000000) 
4 96 135 (-56.696505 198.000000 490.000000) (-56.696505 209.000000 490.000000) (-33.000000 209.000000 490.000000) (-33.000000 198.000000 490.000000) 
4 96 134 (-33.000000 259.000000 490.000000) (-20.000000 259.000000 490.000000) (-20.000000 198.000000 490.000000) (-33.000000 198.000000 490.000000) 
4 96 133 (-56.696505 259.000000 490.000000) (-56.696505 272.000000 490.000000) (-20.000000 272.000000 490.000000) (-20.000000 259.000000 490.000000) 
4 96 131 (-27.000000 322.000000 490.000000) (-20.000000 322.000000 490.000000) (-20.000000 272.000000 490.000000) (-27.000000 272.000000 490.000000) 
4 96 130 (-56.696505 322.000000 490.000000) (-56.696505 516.000000 490.000000) (-20.000000 516.000000 490.000000) (-20.000000 322.000000 490.000000) 
4 96 138 (-20.000000 -532.000000 490.000000) (-56.696505 -532.000000 490.000000) (-56.696505 148.000000 490.000000) (-20.000000 148.000000 490.000000) 
4 96 129 (15.000000 -532.000000 490.000000) (-20.000000 -532.000000 490.000000) (-20.000000 516.000000 490.000000) (15.000000 516.000000 490.000000) 
4 96 114 (-50.308832 -530.992351 500.242304) (-38.779558 -530.979782 518.728899) (-38.779558 514.999000 518.728899) (-50.308832 514.999000 500.242304) 
4 96 120 (-52.135742 -530.994342 497.312949) (-50.308832 -530.992351 500.242304) (-50.308832 514.999000 500.242304) (-52.135742 514.999000 497.312949) 
4 96 110 (-33.674543 -530.974217 526.914526) (-32.397000 -530.972824 528.963000) (-32.397000 514.999000 528.963000) (-33.674543 514.999000 526.914526) 
4 96 112 (-38.779558 -530.979782 518.728899) (-33.674543 -530.974217 526.914526) (-33.674543 514.999000 526.914526) (-38.779558 514.999000 518.728899) 
4 96 121 (-55.156575 -530.997635 492.469199) (-52.135742 -530.994342 497.312949) (-52.135742 514.999000 497.312949) (-55.156575 514.999000 492.469199) 
4 96 127 (-56.696505 514.999000 490.000000) (-56.696505 -530.999314 490.000000) (-55.156575 -530.997635 492.469199) (-55.156575 514.999000 492.469199) 
4 96 98 (-56.696505 516.000000 490.000000) (-56.696505 514.999000 490.000000) (-29.149000 514.999000 534.171000) (-29.149000 516.000000 534.171000) 
4 96 128 (-56.696505 -530.999314 490.000000) (-56.696505 -532.000000 490.000000) (-29.149000 -532.000000 534.171000) (-29.149000 -530.969284 534.171000) 
4 96 97 (-29.149000 -532.000000 534.171000) (15.000000 -532.000000 604.961638) (15.000000 516.000000 604.961638) (-29.149000 516.000000 534.171000) 
4 97 99 (-28.000000 -530.966010 540.122000) (-17.208819 -530.935264 596.012617) (-17.208819 514.999000 596.012617) (-28.000000 514.999000 540.122000) 
4 97 98 (-29.149000 516.000000 534.171000) (-29.149000 514.999000 534.171000) (-17.208819 514.999000 596.012617) (-17.208819 516.000000 596.012617) 
4 97 128 (-29.149000 -530.969284 534.171000) (-29.149000 -532.000000 534.171000) (-17.208819 -532.000000 596.012617) (-17.208819 -530.935264 596.012617) 
4 98 130 (-86.031119 514.999000 490.000000) (-86.031119 516.000000 490.000000) (-56.696505 516.000000 490.000000) (-56.696505 514.999000 490.000000) 
3 98 119 (-49.149000 514.999000 515.329000) (-49.970136 514.999000 519.050196) (-52.397000 514.999000 520.537000) 
3 98 118 (-48.000000 514.999000 510.122000) (-46.666903 514.999000 517.026490) (-49.970136 514.999000 519.050196) 
3 98 117 (-46.666903 514.999000 517.026490) (-45.978334 514.999000 520.592789) (-57.253000 514.999000 523.512000) 
3 98 116 (-49.149000 514.999000 504.171000) (-39.890492 514.999000 519.016539) (-45.978334 514.999000 520.592789) 
3 98 115 (-63.000000 514.999000 525.000000) (-65.332440 514.999000 525.603910) (-68.747000 514.999000 523.512000) 
4 98 114 (-52.397000 514.999000 498.963000) (-50.308832 514.999000 500.242304) (-38.779558 514.999000 518.728899) (-39.890492 514.999000 519.016539) 
3 98 113 (-65.332440 514.999000 525.603910) (-69.732491 514.999000 526.743161) (-73.603000 514.999000 520.537000) 
3 98 120 (-57.253000 514.999000 495.988000) (-52.135742 514.999000 497.312949) (-50.308832 514.999000 500.242304) 
3 98 105 (-58.000000 514.999000 539.378000) (-58.496059 514.999000 536.808767) (-56.851000 514.999000 534.171000) 
3 98 106 (-56.851000 514.999000 545.329000) (-60.330376 514.999000 539.750000) (-58.496059 514.999000 536.808767) 
3 98 107 (-60.330376 514.999000 539.750000) (-63.338154 514.999000 534.927185) (-53.603000 514.999000 528.963000) 
4 98 108 (-53.603000 514.999000 550.537000) (-55.691168 514.999000 549.257696) (-64.271763 514.999000 535.499155) (-63.338154 514.999000 534.927185) 
3 98 109 (-64.271763 514.999000 535.499155) (-67.220442 514.999000 530.771101) (-48.747000 514.999000 525.988000) 
3 98 110 (-33.674543 514.999000 526.914526) (-32.397000 514.999000 528.963000) (-37.253000 514.999000 525.988000) 
4 98 111 (-67.220442 514.999000 530.771101) (-69.732491 514.999000 526.743161) (-52.034442 514.999000 522.160823) (-43.000000 514.999000 524.500000) 
3 98 112 (-38.779558 514.999000 518.728899) (-33.674543 514.999000 526.914526) (-52.034442 514.999000 522.160823) 
3 98 121 (-63.000000 514.999000 494.500000) (-55.156575 514.999000 492.469199) (-52.135742 514.999000 497.312949) 
4 98 122 (-58.284416 514.999000 547.668958) (-74.417541 514.999000 527.932583) (-76.851000 514.999000 515.329000) (-55.691168 514.999000 549.257696) 
3 98 104 (-54.786343 514.999000 551.948307) (-58.284416 514.999000 547.668958) (-48.747000 514.999000 553.512000) 
4 98 123 (-74.417541 514.999000 527.932583) (-78.000000 514.999000 523.550000) (-79.627232 514.999000 516.752237) (-78.000000 514.999000 509.378000) 
3 98 103 (-50.668729 514.999000 556.985570) (-54.786343 514.999000 551.948307) (-43.000000 514.999000 555.000000) 
3 98 124 (-79.627232 514.999000 516.752237) (-81.033523 514.999000 510.877459) (-76.851000 514.999000 504.171000) 
3 98 102 (-48.084019 514.999000 560.147561) (-50.668729 514.999000 556.985570) (-37.253000 514.999000 553.512000) 
3 98 125 (-81.033523 514.999000 510.877459) (-82.570469 514.999000 504.456867) (-73.603000 514.999000 498.963000) 
3 98 101 (-42.585646 514.999000 566.873967) (-48.084019 514.999000 560.147561) (-32.397000 514.999000 550.537000) 
3 98 126 (-82.570469 514.999000 504.456867) (-83.672648 514.999000 499.852514) (-68.747000 514.999000 495.988000) 
3 98 100 (-35.748806 514.999000 575.237780) (-42.585646 514.999000 566.873967) (-29.149000 514.999000 545.329000) 
4 98 127 (-83.672648 514.999000 499.852514) (-86.031119 514.999000 490.000000) (-56.696505 514.999000 490.000000) (-55.156575 514.999000 492.469199) 
4 98 99 (-20.000000 514.999000 594.504000) (-35.748806 514.999000 575.237780) (-28.000000 514.999000 540.122000) (-17.208819 514.999000 596.012617) 
4 99 100 (-29.149000 -530.963795 545.329000) (-35.748806 -530.951071 575.237780) (-35.748806 514.999000 575.237780) (-29.149000 514.999000 545.329000) 
4 99 128 (-28.000000 -530.966010 540.122000) (-17.208819 -530.935264 596.012617) (-20.000000 -530.936848 594.504000) (-35.748806 -530.951071 575.237780) 
4 100 101 (-32.397000 -530.962212 550.537000) (-42.585646 -530.957246 566.873967) (-42.585646 514.999000 566.873967) (-32.397000 514.999000 550.537000) 
3 100 128 (-29.149000 -530.963795 545.329000) (-35.748806 -530.951071 575.237780) (-42.585646 -530.957246 566.873967) 
4 101 102 (-37.253000 -530.962212 553.512000) (-48.084019 -530.962212 560.147561) (-48.084019 514.999000 560.147561) (-37.253000 514.999000 553.512000) 
3 101 128 (-32.397000 -530.962212 550.537000) (-42.585646 -530.957246 566.873967) (-48.084019 -530.962212 560.147561) 
4 102 103 (-43.000000 -530.963212 555.000000) (-50.668729 -530.964546 556.985570) (-50.668729 514.999000 556.985570) (-43.000000 514.999000 555.000000) 
3 102 128 (-37.253000 -530.962212 553.512000) (-48.084019 -530.962212 560.147561) (-50.668729 -530.964546 556.985570) 
4 103 104 (-48.747000 -530.965676 553.512000) (-54.786343 -530.968265 551.948307) (-54.786343 514.999000 551.948307) (-48.747000 514.999000 553.512000) 
3 103 128 (-43.000000 -530.963212 555.000000) (-50.668729 -530.964546 556.985570) (-54.786343 -530.968265 551.948307) 
4 104 108 (-53.603000 -530.968603 550.537000) (-55.691168 -530.969861 549.257696) (-55.691168 514.999000 549.257696) (-53.603000 514.999000 550.537000) 
4 104 122 (-55.691168 -530.969861 549.257696) (-58.284416 -530.971424 547.668958) (-58.284416 514.999000 547.668958) (-55.691168 514.999000 549.257696) 
3 104 128 (-48.747000 -530.965676 553.512000) (-54.786343 -530.968265 551.948307) (-58.284416 -530.971424 547.668958) 
4 105 106 (-58.496059 -530.976830 536.808767) (-58.000000 -530.975417 539.378000) (-58.000000 514.999000 539.378000) (-58.496059 514.999000 536.808767) 
3 105 128 (-58.000000 -530.975417 539.378000) (-58.496059 -530.976830 536.808767) (-56.851000 -530.977632 534.171000) 
4 105 107 (-58.496059 514.999000 536.808767) (-56.851000 514.999000 534.171000) (-56.851000 -530.977632 534.171000) (-58.496059 -530.976830 536.808767) 
4 106 107 (-60.330376 514.999000 539.750000) (-58.496059 514.999000 536.808767) (-58.496059 -530.976830 536.808767) (-60.330376 -530.975936 539.750000) 
3 106 128 (-56.851000 -530.972143 545.329000) (-60.330376 -530.975936 539.750000) (-58.496059 -530.976830 536.808767) 
4 106 108 (-60.330376 -530.975936 539.750000) (-56.851000 -530.972143 545.329000) (-56.851000 514.999000 545.329000) (-60.330376 514.999000 539.750000) 
4 107 108 (-63.338154 -530.979215 534.927185) (-60.330376 -530.975936 539.750000) (-60.330376 514.999000 539.750000) (-63.338154 514.999000 534.927185) 
3 107 128 (-60.330376 -530.975936 539.750000) (-63.338154 -530.979215 534.927185) (-53.603000 -530.979215 528.963000) 
4 107 109 (-63.338154 514.999000 534.927185) (-53.603000 514.999000 528.963000) (-53.603000 -530.979215 528.963000) (-63.338154 -530.979215 534.927185) 
4 108 109 (-64.271763 -530.979215 535.499155) (-64.271763 514.999000 535.499155) (-63.338154 514.999000 534.927185) (-63.338154 -530.979215 534.927185) 
4 108 122 (-55.691168 514.999000 549.257696) (-64.271763 514.999000 535.499155) (-64.271763 -530.979215 535.499155) (-55.691168 -530.969861 549.257696) 
4 108 128 (-53.603000 -530.968603 550.537000) (-55.691168 -530.969861 549.257696) (-64.271763 -530.979215 535.499155) (-63.338154 -530.979215 534.927185) 
3 109 128 (-64.271763 -530.979215 535.499155) (-67.220442 -530.982430 530.771101) (-48.747000 -530.979215 525.988000) 
4 109 122 (-64.271763 514.999000 535.499155) (-67.220442 514.999000 530.771101) (-67.220442 -530.982430 530.771101) (-64.271763 -530.979215 535.499155) 
4 109 111 (-67.220442 -530.982430 530.771101) (-67.220442 514.999000 530.771101) (-48.747000 514.999000 525.988000) (-48.747000 -530.979215 525.988000) 
3 110 128 (-33.674543 -530.974217 526.914526) (-32.397000 -530.972824 528.963000) (-37.253000 -530.975751 525.988000) 
4 110 112 (-37.253000 514.999000 525.988000) (-33.674543 514.999000 526.914526) (-33.674543 -530.974217 526.914526) (-37.253000 -530.975751 525.988000) 
4 111 117 (-57.253000 514.999000 523.512000) (-52.034442 514.999000 522.160823) (-52.034442 -530.982089 522.160823) (-57.253000 -530.982997 523.512000) 
4 111 115 (-65.332440 514.999000 525.603910) (-63.000000 514.999000 525.000000) (-63.000000 -530.983997 525.000000) (-65.332440 -530.984402 525.603910) 
4 111 113 (-69.732491 -530.985168 526.743161) (-69.732491 514.999000 526.743161) (-65.332440 514.999000 525.603910) (-65.332440 -530.984402 525.603910) 
4 111 112 (-52.034442 514.999000 522.160823) (-43.000000 514.999000 524.500000) (-43.000000 -530.978215 524.500000) (-52.034442 -530.982089 522.160823) 
4 111 128 (-67.220442 -530.982430 530.771101) (-69.732491 -530.985168 526.743161) (-52.034442 -530.982089 522.160823) (-43.000000 -530.978215 524.500000) 
4 111 122 (-67.220442 514.999000 530.771101) (-69.732491 514.999000 526.743161) (-69.732491 -530.985168 526.743161) (-67.220442 -530.982430 530.771101) 
4 112 117 (-52.034442 514.999000 522.160823) (-45.978334 514.999000 520.592789) (-45.978334 -530.981035 520.592789) (-52.034442 -530.982089 522.160823) 
4 112 116 (-45.978334 514.999000 520.592789) (-39.890492 514.999000 519.016539) (-39.890492 -530.979975 519.016539) (-45.978334 -530.981035 520.592789) 
4 112 114 (-39.890492 514.999000 519.016539) (-38.779558 514.999000 518.728899) (-38.779558 -530.979782 518.728899) (-39.890492 -530.979975 519.016539) 
3 112 128 (-38.779558 -530.979782 518.728899) (-33.674543 -530.974217 526.914526) (-52.034442 -530.982089 522.160823) 
4 113 115 (-68.747000 514.999000 523.512000) (-65.332440 514.999000 525.603910) (-65.332440 -530.984402 525.603910) (-68.747000 -530.986460 523.512000) 
3 113 128 (-65.332440 -530.984402 525.603910) (-69.732491 -530.985168 526.743161) (-73.603000 -530.989387 520.537000) 
4 113 122 (-69.732491 514.999000 526.743161) (-73.603000 514.999000 520.537000) (-73.603000 -530.989387 520.537000) (-69.732491 -530.985168 526.743161) 
4 114 116 (-49.149000 -530.990068 504.171000) (-39.890492 -530.979975 519.016539) (-39.890492 514.999000 519.016539) (-49.149000 514.999000 504.171000) 
4 114 128 (-50.308832 -530.992351 500.242304) (-38.779558 -530.979782 518.728899) (-39.890492 -530.979975 519.016539) (-52.397000 -530.993609 498.963000) 
4 114 120 (-52.397000 514.999000 498.963000) (-50.308832 514.999000 500.242304) (-50.308832 -530.992351 500.242304) (-52.397000 -530.993609 498.963000) 
3 115 128 (-63.000000 -530.983997 525.000000) (-65.332440 -530.984402 525.603910) (-68.747000 -530.986460 523.512000) 
4 116 118 (-48.000000 -530.986795 510.122000) (-46.666903 -530.982997 517.026490) (-46.666903 514.999000 517.026490) (-48.000000 514.999000 510.122000) 
4 116 117 (-46.666903 -530.982997 517.026490) (-45.978334 -530.981035 520.592789) (-45.978334 514.999000 520.592789) (-46.666903 514.999000 517.026490) 
3 116 128 (-39.890492 -530.979975 519.016539) (-45.978334 -530.981035 520.592789) (-49.149000 -530.990068 504.171000) 
4 117 119 (-52.397000 514.999000 520.537000) (-49.970136 514.999000 519.050196) (-49.970136 -530.982997 519.050196) (-52.397000 -530.982997 520.537000) 
4 117 118 (-49.970136 514.999000 519.050196) (-46.666903 514.999000 517.026490) (-46.666903 -530.982997 517.026490) (-49.970136 -530.982997 519.050196) 
3 117 128 (-45.978334 -530.981035 520.592789) (-57.253000 -530.982997 523.512000) (-46.666903 -530.982997 517.026490) 
4 118 119 (-49.149000 -530.984580 515.329000) (-49.970136 -530.982997 519.050196) (-49.970136 514.999000 519.050196) (-49.149000 514.999000 515.329000) 
3 118 128 (-48.000000 -530.986795 510.122000) (-46.666903 -530.982997 517.026490) (-49.970136 -530.982997 519.050196) 
3 119 128 (-49.149000 -530.984580 515.329000) (-49.970136 -530.982997 519.050196) (-52.397000 -530.982997 520.537000) 
3 120 128 (-52.135742 -530.994342 497.312949) (-50.308832 -530.992351 500.242304) (-57.253000 -530.996536 495.988000) 
4 120 121 (-57.253000 514.999000 495.988000) (-52.135742 514.999000 497.312949) (-52.135742 -530.994342 497.312949) (-57.253000 -530.996536 495.988000) 
4 121 127 (-63.000000 514.999000 494.500000) (-55.156575 514.999000 492.469199) (-55.156575 -530.997635 492.469199) (-63.000000 -530.999000 494.500000) 
3 121 128 (-55.156575 -530.997635 492.469199) (-52.135742 -530.994342 497.312949) (-63.000000 -530.999000 494.500000) 
4 122 128 (-55.691168 -530.969861 549.257696) (-58.284416 -530.971424 547.668958) (-74.417541 -530.985995 527.932583) (-76.851000 -530.992928 515.329000) 
4 122 123 (-74.417541 514.999000 527.932583) (-76.851000 514.999000 515.329000) (-76.851000 -530.992928 515.329000) (-74.417541 -530.985995 527.932583) 
4 123 128 (-74.417541 -530.985995 527.932583) (-78.000000 -530.989230 523.550000) (-79.627232 -530.993065 516.752237) (-78.000000 -530.996202 509.378000) 
4 123 124 (-79.627232 514.999000 516.752237) (-78.000000 514.999000 509.378000) (-78.000000 -530.996202 509.378000) (-79.627232 -530.993065 516.752237) 
3 124 128 (-79.627232 -530.993065 516.752237) (-81.033523 -530.996378 510.877459) (-76.851000 -530.998417 504.171000) 
4 124 125 (-81.033523 514.999000 510.877459) (-76.851000 514.999000 504.171000) (-76.851000 -530.998417 504.171000) (-81.033523 -530.996378 510.877459) 
3 125 128 (-81.033523 -530.996378 510.877459) (-82.570469 -531.000000 504.456867) (-73.603000 -531.000000 498.963000) 
4 125 126 (-82.570469 -531.000000 504.456867) (-82.570469 514.999000 504.456867) (-73.603000 514.999000 498.963000) (-73.603000 -531.000000 498.963000) 
3 126 128 (-82.570469 -531.000000 504.456867) (-83.672648 -531.002597 499.852514) (-68.747000 -531.000000 495.988000) 
4 126 127 (-83.672648 -531.002597 499.852514) (-83.672648 514.999000 499.852514) (-68.747000 514.999000 495.988000) (-68.747000 -531.000000 495.988000) 
4 127 137 (-86.031119 148.000000 490.000000) (-86.031119 198.000000 490.000000) (-70.000000 198.000000 490.000000) (-70.000000 148.000000 490.000000) 
4 127 135 (-56.696505 209.000000 490.000000) (-56.696505 198.000000 490.000000) (-83.000000 198.000000 490.000000) (-83.000000 209.000000 490.000000) 
4 127 133 (-83.000000 272.000000 490.000000) (-56.696505 272.000000 490.000000) (-56.696505 259.000000 490.000000) (-83.000000 259.000000 490.000000) 
4 127 136 (-86.031119 198.000000 490.000000) (-86.031119 272.000000 490.000000) (-83.000000 272.000000 490.000000) (-83.000000 198.000000 490.000000) 
4 127 132 (-86.031119 272.000000 490.000000) (-86.031119 322.000000 490.000000) (-77.000000 322.000000 490.000000) (-77.000000 272.000000 490.000000) 
4 127 130 (-86.031119 322.000000 490.000000) (-86.031119 514.999000 490.000000) (-56.696505 514.999000 490.000000) (-56.696505 322.000000 490.000000) 
4 127 138 (-86.031119 -531.008155 490.000000) (-86.031119 148.000000 490.000000) (-56.696505 148.000000 490.000000) (-56.696505 -530.999314 490.000000) 
4 127 128 (-86.031119 -531.008155 490.000000) (-56.696505 -530.999314 490.000000) (-55.156575 -530.997635 492.469199) (-83.672648 -531.002597 499.852514) 
4 128 138 (-56.696505 -532.000000 490.000000) (-86.031119 -532.000000 490.000000) (-86.031119 -531.008155 490.000000) (-56.696505 -530.999314 490.000000) 
4 129 134 (-20.000000 198.000000 490.000000) (-20.000000 259.000000 490.000000) (-20.000000 259.000000 440.000000) (-20.000000 198.000000 440.000000) 
4 129 133 (-20.000000 259.000000 490.000000) (-20.000000 272.000000 490.000000) (-20.000000 272.000000 440.000000) (-20.000000 259.000000 440.000000) 
4 129 131 (-20.000000 272.000000 490.000000) (-20.000000 322.000000 490.000000) (-20.000000 322.000000 440.000000) (-20.000000 272.000000 440.000000) 
4 129 130 (-20.000000 322.000000 490.000000) (-20.000000 516.000000 490.000000) (-20.000000 516.000000 440.000000) (-20.000000 322.000000 440.000000) 
4 129 138 (-20.000000 -532.000000 440.000000) (-20.000000 -532.000000 490.000000) (-20.000000 148.000000 490.000000) (-20.000000 148.000000 440.000000) 
4 130 131 (-20.000000 322.000000 440.000000) (-20.000000 322.000000 490.000000) (-27.000000 322.000000 490.000000) (-27.000000 322.000000 440.000000) 
4 130 132 (-77.000000 322.000000 490.000000) (-86.031119 322.000000 490.000000) (-98.000000 322.000000 440.000000) (-77.000000 322.000000 440.000000) 
4 131 133 (-20.000000 272.000000 440.000000) (-20.000000 272.000000 490.000000) (-27.000000 272.000000 490.000000) (-27.000000 272.000000 440.000000) 
4 132 133 (-77.000000 272.000000 490.000000) (-83.000000 272.000000 490.000000) (-83.000000 272.000000 440.000000) (-77.000000 272.000000 440.000000) 
4 132 136 (-83.000000 272.000000 490.000000) (-86.031119 272.000000 490.000000) (-98.000000 272.000000 440.000000) (-83.000000 272.000000 440.000000) 
4 133 134 (-33.000000 259.000000 440.000000) (-20.000000 259.000000 440.000000) (-20.000000 259.000000 490.000000) (-33.000000 259.000000 490.000000) 
4 133 136 (-83.000000 272.000000 490.000000) (-83.000000 272.000000 440.000000) (-83.000000 259.000000 440.000000) (-83.000000 259.000000 490.000000) 
4 134 135 (-33.000000 209.000000 440.000000) (-33.000000 198.000000 440.000000) (-33.000000 198.000000 490.000000) (-33.000000 209.000000 490.000000) 
4 135 137 (-83.000000 198.000000 440.000000) (-70.000000 198.000000 440.000000) (-70.000000 198.000000 490.000000) (-83.000000 198.000000 490.000000) 
4 135 136 (-83.000000 209.000000 440.000000) (-83.000000 198.000000 440.000000) (-83.000000 198.000000 490.000000) (-83.000000 209.000000 490.000000) 
4 136 137 (-86.031119 198.000000 490.000000) (-98.000000 198.000000 440.000000) (-83.000000 198.000000 440.000000) (-83.000000 198.000000 490.000000) 
4 137 138 (-86.031119 148.000000 490.000000) (-98.000000 148.000000 440.000000) (-70.000000 148.000000 440.000000) (-70.000000 148.000000 490.000000) 
3 139 157 (-62.000000 394.400126 340.000000) (-69.999900 420.000309 340.000000) (-62.000000 444.799935 340.000000) 
7 139 156 (-60.001368 450.995677 340.000000) (-52.889972 456.000000 340.000000) (-52.000000 456.000000 340.000000) (-52.000000 382.369993 340.000000) (-59.999785 387.999312 340.000000) (-62.000000 394.400126 340.000000) (-62.000000 444.799935 340.000000) 
4 139 140 (-45.784719 461.000000 340.000000) (-32.640000 470.250000 340.000000) (-0.360000 470.250000 340.000000) (12.787013 461.000000 340.000000) 
8 139 155 (-52.000000 456.626277 340.000000) (-45.784719 461.000000 340.000000) (12.787013 461.000000 340.000000) (15.000000 459.442982 340.000000) (15.000000 379.557851 340.000000) (0.000000 369.000000 340.000000) (-33.000000 369.000000 340.000000) (-52.000000 382.369993 340.000000) 
4 140 155 (15.000000 461.000000 322.000000) (15.000000 461.000000 340.000000) (-52.000000 461.000000 340.000000) (-52.000000 461.000000 322.000000) 
4 141 155 (15.000000 461.000000 299.000000) (15.000000 461.000000 312.000000) (-52.000000 461.000000 312.000000) (-52.000000 461.000000 299.000000) 
4 142 155 (15.000000 461.000000 276.000000) (15.000000 461.000000 289.000000) (-52.000000 461.000000 289.000000) (-52.000000 461.000000 276.000000) 
4 143 155 (15.000000 461.000000 253.000000) (15.000000 461.000000 266.000000) (-52.000000 461.000000 266.000000) (-52.000000 461.000000 253.000000) 
4 144 155 (15.000000 461.000000 230.000000) (15.000000 461.000000 243.000000) (-52.000000 461.000000 243.000000) (-52.000000 461.000000 230.000000) 
4 145 155 (15.000000 461.000000 207.000000) (15.000000 461.000000 220.000000) (-52.000000 461.000000 220.000000) (-52.000000 461.000000 207.000000) 
4 146 155 (15.000000 461.000000 182.000000) (15.000000 461.000000 197.000000) (-52.000000 461.000000 197.000000) (-52.000000 461.000000 182.000000) 
4 147 155 (15.000000 461.000000 159.000000) (15.000000 461.000000 172.000000) (-52.000000 461.000000 172.000000) (-52.000000 461.000000 159.000000) 
4 148 155 (15.000000 461.000000 136.000000) (15.000000 461.000000 149.000000) (-52.000000 461.000000 149.000000) (-52.000000 461.000000 136.000000) 
4 149 155 (15.000000 461.000000 113.000000) (15.000000 461.000000 126.000000) (-52.000000 461.000000 126.000000) (-52.000000 461.000000 113.000000) 
4 150 155 (15.000000 461.000000 88.000000) (15.000000 461.000000 103.000000) (-52.000000 461.000000 103.000000) (-52.000000 461.000000 88.000000) 
4 151 155 (15.000000 461.000000 65.000000) (15.000000 461.000000 78.000000) (-52.000000 461.000000 78.000000) (-52.000000 461.000000 65.000000) 
4 152 155 (15.000000 461.000000 42.000000) (15.000000 461.000000 55.000000) (-52.000000 461.000000 55.000000) (-52.000000 461.000000 42.000000) 
4 153 155 (15.000000 461.000000 19.000000) (15.000000 461.000000 32.000000) (-52.000000 461.000000 32.000000) (-52.000000 461.000000 19.000000) 
4 154 155 (-52.000000 461.000000 0.000000) (15.000000 461.000000 0.000000) (15.000000 461.000000 9.000000) (-52.000000 461.000000 9.000000) 
4 155 158 (15.000000 350.000000 0.000000) (15.000000 285.000000 0.000000) (-52.000000 285.000000 0.000000) (-52.000000 350.000000 0.000000) 
4 155 163 (15.000000 -285.000000 0.000000) (15.000000 -349.000000 0.000000) (-52.000000 -349.000000 0.000000) (-52.000000 -285.000000 0.000000) 
4 155 156 (-52.000000 456.000000 0.000000) (-52.000000 -470.250000 0.000000) (-52.000000 -470.250000 340.000000) (-52.000000 456.000000 340.000000) 
4 156 158 (-62.000000 285.000000 0.000000) (-62.000000 350.000000 0.000000) (-52.000000 350.000000 0.000000) (-52.000000 285.000000 0.000000) 
4 156 163 (-62.000000 -349.000000 0.000000) (-62.000000 -285.000000 0.000000) (-52.000000 -285.000000 0.000000) (-52.000000 -349.000000 0.000000) 
4 156 157 (-62.000000 456.000000 0.000000) (-62.000000 -470.250000 0.000000) (-62.000000 -470.250000 340.000000) (-62.000000 456.000000 340.000000) 
3 157 159 (-237.092000 175.385000 0.000000) (-202.774696 285.000000 0.000000) (-95.899000 285.000000 0.000000) 
5 157 160 (-292.000000 0.000000 0.000000) (-326.078167 108.850537 0.000000) (-292.663772 215.580257 0.000000) (-203.245389 285.000000 0.000000) (-202.774696 285.000000 0.000000) 
4 157 158 (-119.520000 350.000000 0.000000) (-62.000000 350.000000 0.000000) (-62.000000 285.000000 0.000000) (-203.245389 285.000000 0.000000) 
4 157 161 (-237.092000 -175.384000 0.000000) (-326.719859 -105.800895 0.000000) (-360.000000 0.500000 0.000000) (-326.078167 108.850537 0.000000) 
4 157 162 (-95.899000 -285.000000 0.000000) (-201.954436 -285.000000 0.000000) (-292.665090 -214.576048 0.000000) (-326.719859 -105.800895 0.000000) 
4 157 163 (-62.000000 -285.000000 0.000000) (-62.000000 -349.000000 0.000000) (-119.518252 -349.000000 0.000000) (-201.954436 -285.000000 0.000000) 
4 158 159 (-202.774696 285.000000 -150.000000) (-95.899000 285.000000 -150.000000) (-95.899000 285.000000 0.000000) (-202.774696 285.000000 0.000000) 
4 158 160 (-203.245389 285.000000 0.000000) (-203.245389 285.000000 -150.000000) (-202.774696 285.000000 -150.000000) (-202.774696 285.000000 0.000000) 
4 159 160 (-202.774696 285.000000 -150.000000) (-237.092000 175.385000 -150.000000) (-237.092000 175.385000 0.000000) (-202.774696 285.000000 0.000000) 
4 160 161 (-326.078167 108.850537 -150.000000) (-292.000000 -0.000000 -150.000000) (-292.000000 -0.000000 0.000000) (-326.078167 108.850537 0.000000) 
4 161 162 (-326.719859 -105.800895 -150.000000) (-237.092000 -175.384000 -150.000000) (-237.092000 -175.384000 0.000000) (-326.719859 -105.800895 0.000000) 
4 162 163 (-201.954436 -285.000000 0.000000) (-201.954436 -285.000000 -150.000000) (-95.899000 -285.000000 -150.000000) (-95.899000 -285.000000 0.000000) 
