70
164
1
1
1
1
1
1
1
1
1
1
1
1
1
1
1
1
1
1
1
1
1
1
1
1
1
1
1
1
1
1
1
1
1
1
1
1
1
1
1
1
1
1
1
1
1
1
1
1
1
1
1
1
1
1
1
1
1
1
1
1
1
1
1
1
1
1
1
1
1
1
4 0 40 (1571.998000 -588.000000 528.000000) (1571.998000 -588.000000 560.000000) (1571.998000 -4.000000 560.000000) (1571.998000 -4.000000 528.000000) 
4 0 30 (1571.998000 -4.000000 560.000000) (1571.998000 548.000000 560.000000) (1571.998000 548.000000 528.000000) (1571.998000 -4.000000 528.000000) 
4 0 19 (1571.998000 548.000000 560.000000) (1571.998000 1420.000000 560.000000) (1571.998000 1420.000000 528.000000) (1571.998000 548.000000 528.000000) 
4 0 10 (1571.998000 1420.000000 560.000000) (1571.998000 2020.000000 560.000000) (1571.998000 2020.000000 528.000000) (1571.998000 1420.000000 528.000000) 
4 0 7 (1571.998000 2020.000000 560.000000) (1571.998000 2476.000000 560.000000) (1571.998000 2476.000000 528.000000) (1571.998000 2020.000000 528.000000) 
4 0 6 (1571.998000 2476.000000 560.000000) (1571.998000 2508.000000 560.000000) (1571.998000 2508.000000 528.000000) (1571.998000 2476.000000 528.000000) 
4 0 2 (1571.998000 2476.000000 528.000000) (1571.998000 2508.000000 528.000000) (2048.000000 2508.000000 528.000000) (2048.000000 2476.000000 528.000000) 
4 0 4 (2048.000000 -588.000000 528.000000) (1571.998000 -588.000000 528.000000) (1571.998000 -556.000000 528.000000) (2048.000000 -556.000000 528.000000) 
4 0 1 (2080.000000 2508.000000 528.000000) (2080.000000 -588.000000 528.000000) (2048.000000 -588.000000 528.000000) (2048.000000 2508.000000 528.000000) 
4 1 2 (2048.000000 2508.000000 528.000000) (2048.000000 2508.000000 -224.000000) (2048.000000 2476.000000 -224.000000) (2048.000000 2476.000000 528.000000) 
4 1 4 (2048.000000 -556.000000 -224.000000) (2048.000000 -588.000000 -224.000000) (2048.000000 -588.000000 528.000000) (2048.000000 -556.000000 528.000000) 
4 1 5 (2080.000000 -588.000000 -224.000000) (2048.000000 -588.000000 -224.000000) (2048.000000 2508.000000 -224.000000) (2080.000000 2508.000000 -224.000000) 
4 2 6 (1571.998000 2476.000000 528.000000) (1571.998000 2508.000000 528.000000) (1571.998000 2508.000000 -224.000000) (1571.998000 2476.000000 -224.000000) 
4 2 5 (1571.998000 2476.000000 -224.000000) (1571.998000 2508.000000 -224.000000) (2048.000000 2508.000000 -224.000000) (2048.000000 2476.000000 -224.000000) 
4 3 41 (1571.998000 -556.000000 528.000000) (1571.998000 -4.000000 528.000000) (1571.998000 -4.000000 -224.000000) (1571.998000 -556.000000 -224.000000) 
4 3 38 (1571.998000 548.000000 -4.000000) (1571.998000 548.000000 -224.000000) (1571.998000 -4.000000 -224.000000) (1571.998000 -4.000000 -4.000000) 
4 3 37 (1571.998000 548.000000 -0.000000) (1571.998000 548.000000 -4.000000) (1571.998000 -4.000000 -4.000000) (1571.998000 -4.000000 -0.000000) 
4 3 34 (1571.998000 0.000000 0.000000) (1571.998000 -4.000000 -0.000000) (1571.998000 -4.000000 240.000000) (1571.998000 0.000000 240.000000) 
4 3 33 (1571.998000 548.000000 200.000000) (1571.998000 548.000000 40.000000) (1571.998000 132.000000 40.000000) (1571.998000 132.000000 200.000000) 
4 3 32 (1571.998000 548.000000 244.000000) (1571.998000 548.000000 240.000000) (1571.998000 -4.000000 240.000000) (1571.998000 -4.000000 244.000000) 
4 3 31 (1571.998000 -4.000000 528.000000) (1571.998000 548.000000 528.000000) (1571.998000 548.000000 244.000000) (1571.998000 -4.000000 244.000000) 
4 3 28 (1571.998000 1420.000000 -4.000000) (1571.998000 1420.000000 -224.000000) (1571.998000 548.000000 -224.000000) (1571.998000 548.000000 -4.000000) 
4 3 27 (1571.998000 1420.000000 -0.000000) (1571.998000 1420.000000 -4.000000) (1571.998000 548.000000 -4.000000) (1571.998000 548.000000 -0.000000) 
4 3 20 (1571.998000 548.000000 528.000000) (1571.998000 1420.000000 528.000000) (1571.998000 1420.000000 240.000000) (1571.998000 548.000000 240.000000) 
4 3 17 (1571.998000 2020.000000 -4.000000) (1571.998000 2020.000000 -224.000000) (1571.998000 1420.000000 -224.000000) (1571.998000 1420.000000 -4.000000) 
4 3 16 (1571.998000 2020.000000 -0.000000) (1571.998000 2020.000000 -4.000000) (1571.998000 1420.000000 -4.000000) (1571.998000 1420.000000 -0.000000) 
4 3 13 (1571.998000 1476.000000 40.000000) (1571.998000 1476.000000 200.000000) (1571.998000 1892.001000 200.000000) (1571.998000 1892.001000 40.000000) 
4 3 11 (1571.998000 1420.000000 528.000000) (1571.998000 2020.000000 528.000000) (1571.998000 2020.000000 240.000000) (1571.998000 1420.000000 240.000000) 
4 3 8 (1571.998000 2020.000000 528.000000) (1571.998000 2476.000000 528.000000) (1571.998000 2476.000000 -224.000000) (1571.998000 2020.000000 -224.000000) 
4 4 42 (1571.998000 -588.000000 -224.000000) (1571.998000 -588.000000 528.000000) (1571.998000 -556.000000 528.000000) (1571.998000 -556.000000 -224.000000) 
4 4 5 (2048.000000 -588.000000 -224.000000) (1571.998000 -588.000000 -224.000000) (1571.998000 -556.000000 -224.000000) (2048.000000 -556.000000 -224.000000) 
4 5 43 (1571.998000 -4.000000 -256.000000) (1571.998000 -588.000000 -256.000000) (1571.998000 -588.000000 -224.000000) (1571.998000 -4.000000 -224.000000) 
4 5 39 (1571.998000 548.000000 -256.000000) (1571.998000 -4.000000 -256.000000) (1571.998000 -4.000000 -224.000000) (1571.998000 548.000000 -224.000000) 
4 5 29 (1571.998000 1420.000000 -256.000000) (1571.998000 548.000000 -256.000000) (1571.998000 548.000000 -224.000000) (1571.998000 1420.000000 -224.000000) 
4 5 18 (1571.998000 2020.000000 -256.000000) (1571.998000 1420.000000 -256.000000) (1571.998000 1420.000000 -224.000000) (1571.998000 2020.000000 -224.000000) 
4 5 9 (1571.998000 2476.000000 -256.000000) (1571.998000 2020.000000 -256.000000) (1571.998000 2020.000000 -224.000000) (1571.998000 2476.000000 -224.000000) 
4 5 6 (1571.998000 2508.000000 -256.000000) (1571.998000 2476.000000 -256.000000) (1571.998000 2476.000000 -224.000000) (1571.998000 2508.000000 -224.000000) 
4 6 44 (800.000000 2476.000000 560.000000) (800.000000 2508.000000 560.000000) (800.000000 2508.000000 -256.000000) (800.000000 2476.000000 -256.000000) 
4 6 9 (800.000000 2476.000000 -224.000000) (800.000000 2476.000000 -256.000000) (1571.998000 2476.000000 -256.000000) (1571.998000 2476.000000 -224.000000) 
4 6 7 (800.000000 2476.000000 560.000000) (800.000000 2476.000000 528.000000) (1571.998000 2476.000000 528.000000) (1571.998000 2476.000000 560.000000) 
4 7 45 (800.000000 2020.000000 528.000000) (800.000000 2020.000000 560.000000) (800.000000 2476.000000 560.000000) (800.000000 2476.000000 528.000000) 
4 7 10 (800.000000 2020.000000 560.000000) (800.000000 2020.000000 528.000000) (1571.998000 2020.000000 528.000000) (1571.998000 2020.000000 560.000000) 
4 8 46 (800.000000 2020.000000 -224.000000) (800.000000 2020.000000 528.000000) (800.000000 2476.000000 528.000000) (800.000000 2476.000000 -224.000000) 
4 8 17 (800.000000 2020.000000 -4.000000) (800.000000 2020.000000 -224.000000) (1571.998000 2020.000000 -224.000000) (1571.998000 2020.000000 -4.000000) 
4 8 16 (1552.000000 2020.000000 -4.000000) (1571.998000 2020.000000 -4.000000) (1571.998000 2020.000000 -0.000000) (1552.000000 2020.000000 0.000000) 
4 8 14 (1028.000000 2020.000000 0.000000) (1284.000000 2020.000000 0.000000) (1284.000000 2020.000000 176.000000) (1028.000000 2020.000000 176.000000) 
4 8 12 (800.000000 2020.000000 528.000000) (800.000000 2020.000000 244.000000) (1552.000000 2020.000000 244.000000) (1552.000000 2020.000000 528.000000) 
4 8 11 (1552.000000 2020.000000 240.000000) (1571.998000 2020.000000 240.000000) (1571.998000 2020.000000 528.000000) (1552.000000 2020.000000 528.000000) 
4 9 48 (800.000000 2020.000000 -256.000000) (800.000000 2020.000000 -224.000000) (800.000000 2476.000000 -224.000000) (800.000000 2476.000000 -256.000000) 
4 9 18 (800.000000 2020.000000 -224.000000) (800.000000 2020.000000 -256.000000) (1571.998000 2020.000000 -256.000000) (1571.998000 2020.000000 -224.000000) 
4 10 45 (800.000000 1420.000000 528.000000) (800.000000 1420.000000 560.000000) (800.000000 2020.000000 560.000000) (800.000000 2020.000000 528.000000) 
4 10 19 (1571.998000 1420.000000 528.000000) (1571.998000 1420.000000 560.000000) (800.000000 1420.000000 560.000000) (800.000000 1420.000000 528.000000) 
4 11 20 (1571.998000 1420.000000 240.000000) (1571.998000 1420.000000 528.000000) (1552.000000 1420.000000 528.000000) (1552.000000 1420.000000 240.000000) 
4 11 12 (1552.000000 1420.000000 244.000000) (1552.000000 1420.000000 528.000000) (1552.000000 2020.000000 528.000000) (1552.000000 2020.000000 244.000000) 
4 12 46 (800.000000 1420.000000 244.000000) (800.000000 1420.000000 528.000000) (800.000000 2020.000000 528.000000) (800.000000 2020.000000 244.000000) 
4 12 21 (1552.000000 1420.000000 528.000000) (800.000000 1420.000000 528.000000) (800.000000 1420.000000 244.000000) (1552.000000 1420.000000 244.000000) 
4 13 15 (1548.000000 1476.000000 40.000000) (1548.000000 1476.000000 200.000000) (1548.000000 1892.001000 200.000000) (1548.000000 1892.001000 40.000000) 
4 14 15 (1028.000000 2016.001000 0.000000) (1284.000000 2016.001000 0.000000) (1284.000000 2016.001000 176.000000) (1028.000000 2016.001000 176.000000) 
4 15 26 (820.000000 1420.000000 64.000000) (820.000000 1420.000000 0.000000) (1012.000000 1420.000000 0.000000) (1012.000000 1420.000000 64.000000) 
4 15 23 (1384.000000 1420.000000 240.000000) (820.000000 1420.000000 240.000000) (820.000000 1420.000000 64.000000) (1384.000000 1420.000000 64.000000) 
4 15 22 (1548.000000 1420.000000 240.000000) (1384.000000 1420.000000 240.000000) (1384.000000 1420.000000 0.000000) (1548.000000 1420.000000 0.000000) 
4 16 27 (1571.998000 1420.000000 -4.000000) (1571.998000 1420.000000 -0.000000) (1552.000000 1420.000000 0.000000) (1552.000000 1420.000000 -4.000000) 
4 16 17 (1571.998000 1420.000000 -4.000000) (1552.000000 1420.000000 -4.000000) (1552.000000 2020.000000 -4.000000) (1571.998000 2020.000000 -4.000000) 
4 17 46 (800.000000 1420.000000 -224.000000) (800.000000 1420.000000 -4.000000) (800.000000 2020.000000 -4.000000) (800.000000 2020.000000 -224.000000) 
4 17 28 (1571.998000 1420.000000 -224.000000) (1571.998000 1420.000000 -4.000000) (800.000000 1420.000000 -4.000000) (800.000000 1420.000000 -224.000000) 
4 18 48 (800.000000 1420.000000 -256.000000) (800.000000 1420.000000 -224.000000) (800.000000 2020.000000 -224.000000) (800.000000 2020.000000 -256.000000) 
4 18 29 (1571.998000 1420.000000 -256.000000) (1571.998000 1420.000000 -224.000000) (800.000000 1420.000000 -224.000000) (800.000000 1420.000000 -256.000000) 
4 19 49 (800.000000 548.000000 528.000000) (800.000000 548.000000 560.000000) (800.000000 644.000000 560.000000) (800.000000 644.000000 528.000000) 
4 19 45 (800.000000 644.000000 560.000000) (800.000000 1420.000000 560.000000) (800.000000 1420.000000 528.000000) (800.000000 644.000000 528.000000) 
4 19 30 (800.000000 548.000000 560.000000) (800.000000 548.000000 528.000000) (1571.998000 548.000000 528.000000) (1571.998000 548.000000 560.000000) 
4 20 32 (1552.000000 548.000000 240.000000) (1571.998000 548.000000 240.000000) (1571.998000 548.000000 244.000000) (1552.000000 548.000000 244.000000) 
4 20 31 (1571.998000 548.000000 244.000000) (1571.998000 548.000000 528.000000) (1552.000000 548.000000 528.000000) (1552.000000 548.000000 244.000000) 
4 20 21 (1552.000000 548.000000 244.000000) (1552.000000 548.000000 528.000000) (1552.000000 1420.000000 528.000000) (1552.000000 1420.000000 244.000000) 
4 21 50 (800.000000 548.000000 244.000000) (800.000000 548.000000 528.000000) (800.000000 644.000000 528.000000) (800.000000 644.000000 244.000000) 
4 21 46 (800.000000 644.000000 528.000000) (800.000000 1420.000000 528.000000) (800.000000 1420.000000 244.000000) (800.000000 644.000000 244.000000) 
4 21 31 (800.000000 548.000000 528.000000) (800.000000 548.000000 244.000000) (1552.000000 548.000000 244.000000) (1552.000000 548.000000 528.000000) 
4 22 35 (1384.000000 548.000000 0.000000) (1548.000000 548.000000 0.000000) (1548.000000 548.000000 240.000000) (1384.000000 548.000000 240.000000) 
4 22 25 (1384.000000 988.000000 0.000000) (1384.000000 548.000000 0.000000) (1384.000000 548.000000 64.000000) (1384.000000 988.000000 64.000000) 
4 22 23 (1384.000000 548.000000 64.000000) (1384.000000 548.000000 240.000000) (1384.000000 1420.000000 240.000000) (1384.000000 1420.000000 64.000000) 
4 23 35 (1384.000000 548.000000 64.000000) (1384.000000 548.000000 240.000000) (820.000000 548.000000 240.000000) (820.000000 548.000000 64.000000) 
4 23 24 (1076.000000 1356.000000 64.000000) (1320.000000 1356.000000 64.000000) (1320.000000 1052.000000 64.000000) (1076.000000 1052.000000 64.000000) 
4 23 25 (1384.000000 548.000000 64.000000) (1012.000000 548.000000 64.000000) (1012.000000 988.000000 64.000000) (1384.000000 988.000000 64.000000) 
4 23 26 (1012.000000 548.000000 64.000000) (820.000000 548.000000 64.000000) (820.000000 1420.000000 64.000000) (1012.000000 1420.000000 64.000000) 
4 25 35 (1012.000000 548.000000 0.000000) (1384.000000 548.000000 0.000000) (1384.000000 548.000000 64.000000) (1012.000000 548.000000 64.000000) 
4 25 26 (1012.000000 988.000000 0.000000) (1012.000000 548.000000 -0.000000) (1012.000000 548.000000 64.000000) (1012.000000 988.000000 64.000000) 
4 26 35 (820.000000 548.000000 0.000000) (1012.000000 548.000000 0.000000) (1012.000000 548.000000 64.000000) (820.000000 548.000000 64.000000) 
4 27 37 (1552.000000 548.000000 -4.000000) (1571.998000 548.000000 -4.000000) (1571.998000 548.000000 -0.000000) (1552.000000 548.000000 0.000000) 
4 27 28 (1552.000000 1420.000000 -4.000000) (1571.998000 1420.000000 -4.000000) (1571.998000 548.000000 -4.000000) (1552.000000 548.000000 -4.000000) 
4 28 52 (800.000000 548.000000 -224.000000) (800.000000 548.000000 -4.000000) (800.000000 644.000000 -4.000000) (800.000000 644.000000 -224.000000) 
4 28 46 (800.000000 644.000000 -4.000000) (800.000000 1420.000000 -4.000000) (800.000000 1420.000000 -224.000000) (800.000000 644.000000 -224.000000) 
4 28 38 (800.000000 548.000000 -4.000000) (800.000000 548.000000 -224.000000) (1571.998000 548.000000 -224.000000) (1571.998000 548.000000 -4.000000) 
4 29 53 (800.000000 548.000000 -256.000000) (800.000000 548.000000 -224.000000) (800.000000 644.000000 -224.000000) (800.000000 644.000000 -256.000000) 
4 29 48 (800.000000 644.000000 -224.000000) (800.000000 1420.000000 -224.000000) (800.000000 1420.000000 -256.000000) (800.000000 644.000000 -256.000000) 
4 29 39 (800.000000 548.000000 -224.000000) (800.000000 548.000000 -256.000000) (1571.998000 548.000000 -256.000000) (1571.998000 548.000000 -224.000000) 
4 30 49 (800.000000 -4.000000 528.000000) (800.000000 -4.000000 560.000000) (800.000000 548.000000 560.000000) (800.000000 548.000000 528.000000) 
4 30 40 (1571.998000 -4.000000 528.000000) (1571.998000 -4.000000 560.000000) (800.000000 -4.000000 560.000000) (800.000000 -4.000000 528.000000) 
4 31 50 (800.000000 -4.000000 244.000000) (800.000000 -4.000000 528.000000) (800.000000 548.000000 528.000000) (800.000000 548.000000 244.000000) 
4 31 41 (1571.998000 -4.000000 244.000000) (1571.998000 -4.000000 528.000000) (800.000000 -4.000000 528.000000) (800.000000 -4.000000 244.000000) 
4 31 32 (1571.998000 -4.000000 244.000000) (1552.000000 -4.000000 244.000000) (1552.000000 548.000000 244.000000) (1571.998000 548.000000 244.000000) 
4 32 41 (1571.998000 -4.000000 240.000000) (1571.998000 -4.000000 244.000000) (1552.000000 -4.000000 244.000000) (1552.000000 -4.000000 240.000000) 
4 32 34 (1571.998000 0.000000 240.000000) (1571.998000 -4.000000 240.000000) (1552.000000 -4.000000 240.000000) (1552.000000 0.000000 240.000000) 
4 33 35 (1548.000000 132.000000 40.000000) (1548.000000 132.000000 200.000000) (1548.000000 548.000000 200.000000) (1548.000000 548.000000 40.000000) 
4 34 41 (1571.998000 -4.000000 -0.000000) (1571.998000 -4.000000 240.000000) (1548.000000 -4.000000 240.000000) (1548.000000 -4.000000 0.000000) 
4 34 37 (1571.998000 -4.000000 0.000000) (1552.000000 -4.000000 0.000000) (1552.000000 0.000000 0.000000) (1571.998000 0.000000 0.000000) 
4 35 36 (820.000000 280.000000 0.000000) (820.000000 24.000000 0.000000) (820.000000 24.000000 176.000000) (820.000000 280.000000 176.000000) 
4 36 51 (800.000000 280.000000 0.000000) (800.000000 24.000000 0.000000) (800.000000 24.000000 176.000000) (800.000000 280.000000 176.000000) 
4 37 41 (1571.998000 -4.000000 -4.000000) (1571.998000 -4.000000 -0.000000) (1552.000000 -4.000000 0.000000) (1552.000000 -4.000000 -4.000000) 
4 37 38 (1571.998000 -4.000000 -4.000000) (1552.000000 -4.000000 -4.000000) (1552.000000 548.000000 -4.000000) (1571.998000 548.000000 -4.000000) 
4 38 52 (800.000000 -4.000000 -224.000000) (800.000000 -4.000000 -4.000000) (800.000000 548.000000 -4.000000) (800.000000 548.000000 -224.000000) 
4 38 41 (1571.998000 -4.000000 -224.000000) (1571.998000 -4.000000 -4.000000) (800.000000 -4.000000 -4.000000) (800.000000 -4.000000 -224.000000) 
4 39 53 (800.000000 -4.000000 -256.000000) (800.000000 -4.000000 -224.000000) (800.000000 548.000000 -224.000000) (800.000000 548.000000 -256.000000) 
4 39 43 (1571.998000 -4.000000 -256.000000) (1571.998000 -4.000000 -224.000000) (800.000000 -4.000000 -224.000000) (800.000000 -4.000000 -256.000000) 
4 40 65 (800.000000 -588.000000 528.000000) (800.000000 -588.000000 560.000000) (800.000000 -4.000000 560.000000) (800.000000 -4.000000 528.000000) 
4 40 42 (1571.998000 -588.000000 528.000000) (800.000000 -588.000000 528.000000) (800.000000 -556.000000 528.000000) (1571.998000 -556.000000 528.000000) 
4 41 66 (800.000000 -556.000000 528.000000) (800.000000 -4.000000 528.000000) (800.000000 -4.000000 -224.000000) (800.000000 -556.000000 -224.000000) 
4 42 68 (800.000000 -588.000000 -224.000000) (800.000000 -588.000000 528.000000) (800.000000 -556.000000 528.000000) (800.000000 -556.000000 -224.000000) 
4 42 43 (800.000000 -588.000000 -224.000000) (800.000000 -556.000000 -224.000000) (1571.998000 -556.000000 -224.000000) (1571.998000 -588.000000 -224.000000) 
4 43 69 (800.000000 -588.000000 -256.000000) (800.000000 -588.000000 -224.000000) (800.000000 -4.000000 -224.000000) (800.000000 -4.000000 -256.000000) 
4 44 47 (-328.000000 2476.000000 528.000000) (-360.000000 2476.000000 528.000000) (-360.000000 2476.000000 -224.000000) (-328.000000 2476.000000 -224.000000) 
4 44 48 (-360.000000 2476.000000 -256.000000) (800.000000 2476.000000 -256.000000) (800.000000 2476.000000 -224.000000) (-360.000000 2476.000000 -224.000000) 
4 44 45 (800.000000 2476.000000 528.000000) (800.000000 2476.000000 560.000000) (-360.000000 2476.000000 560.000000) (-360.000000 2476.000000 528.000000) 
4 45 54 (272.000000 644.000000 560.000000) (-360.000000 644.000000 560.000000) (-360.000000 644.000000 528.000000) (272.000000 644.000000 528.000000) 
4 45 49 (800.000000 644.000000 528.000000) (800.000000 644.000000 560.000000) (272.000000 644.000000 560.000000) (272.000000 644.000000 528.000000) 
4 45 47 (-360.000000 644.000000 528.000000) (-360.000000 2476.000000 528.000000) (-328.000000 2476.000000 528.000000) (-328.000000 644.000000 528.000000) 
4 46 62 (-4.000000 644.000000 528.000000) (-328.000000 644.000000 528.000000) (-328.000000 644.000000 -224.000000) (-4.000000 644.000000 -224.000000) 
4 46 61 (-4.000000 644.000000 -4.000000) (-4.000000 644.000000 -224.000000) (272.000000 644.000000 -224.000000) (272.000000 644.000000 -4.000000) 
4 46 59 (-4.000000 644.000000 240.000000) (-4.000000 644.000000 -0.000000) (-0.000000 644.000000 0.000000) (-0.000000 644.000000 240.000000) 
4 46 55 (272.000000 644.000000 528.000000) (-4.000000 644.000000 528.000000) (-4.000000 644.000000 244.000000) (272.000000 644.000000 244.000000) 
4 46 52 (800.000000 644.000000 -224.000000) (800.000000 644.000000 -4.000000) (272.000000 644.000000 -4.000000) (272.000000 644.000000 -224.000000) 
4 46 50 (800.000000 644.000000 244.000000) (800.000000 644.000000 528.000000) (272.000000 644.000000 528.000000) (272.000000 644.000000 244.000000) 
4 47 63 (-328.000000 644.000000 528.000000) (-360.000000 644.000000 528.000000) (-360.000000 644.000000 -224.000000) (-328.000000 644.000000 -224.000000) 
4 47 48 (-328.000000 644.000000 -224.000000) (-360.000000 644.000000 -224.000000) (-360.000000 2476.000000 -224.000000) (-328.000000 2476.000000 -224.000000) 
4 48 64 (-360.000000 644.000000 -256.000000) (272.000000 644.000000 -256.000000) (272.000000 644.000000 -224.000000) (-360.000000 644.000000 -224.000000) 
4 48 53 (272.000000 644.000000 -256.000000) (800.000000 644.000000 -256.000000) (800.000000 644.000000 -224.000000) (272.000000 644.000000 -224.000000) 
4 49 65 (800.000000 -4.000000 528.000000) (800.000000 -4.000000 560.000000) (272.000000 -4.000000 560.000000) (272.000000 -4.000000 528.000000) 
4 49 54 (272.000000 -4.000000 528.000000) (272.000000 -4.000000 560.000000) (272.000000 644.000000 560.000000) (272.000000 644.000000 528.000000) 
4 50 66 (800.000000 -4.000000 244.000000) (800.000000 -4.000000 528.000000) (272.000000 -4.000000 528.000000) (272.000000 -4.000000 244.000000) 
4 50 55 (272.000000 -4.000000 244.000000) (272.000000 -4.000000 528.000000) (272.000000 644.000000 528.000000) (272.000000 644.000000 244.000000) 
4 51 57 (272.000000 0.000000 240.000000) (272.000000 192.000000 240.000000) (272.000000 192.000000 64.000000) (272.000000 0.000000 64.000000) 
4 51 56 (272.000000 192.000000 240.000000) (272.000000 640.000000 240.000000) (272.000000 640.000000 0.000000) (272.000000 192.000000 0.000000) 
4 52 66 (800.000000 -4.000000 -224.000000) (800.000000 -4.000000 -4.000000) (272.000000 -4.000000 -4.000000) (272.000000 -4.000000 -224.000000) 
4 52 61 (272.000000 -4.000000 -224.000000) (272.000000 -4.000000 -4.000000) (272.000000 644.000000 -4.000000) (272.000000 644.000000 -224.000000) 
4 53 69 (800.000000 -4.000000 -256.000000) (800.000000 -4.000000 -224.000000) (272.000000 -4.000000 -224.000000) (272.000000 -4.000000 -256.000000) 
4 53 64 (272.000000 -4.000000 -256.000000) (272.000000 -4.000000 -224.000000) (272.000000 644.000000 -224.000000) (272.000000 644.000000 -256.000000) 
4 54 65 (272.000000 -4.000000 528.000000) (272.000000 -4.000000 560.000000) (-360.000000 -4.000000 560.000000) (-360.000000 -4.000000 528.000000) 
4 54 63 (-360.000000 -4.000000 528.000000) (-360.000000 644.000000 528.000000) (-328.000000 644.000000 528.000000) (-328.000000 -4.000000 528.000000) 
4 55 66 (272.000000 -4.000000 244.000000) (272.000000 -4.000000 528.000000) (-4.000000 -4.000000 528.000000) (-4.000000 -4.000000 244.000000) 
4 55 62 (-4.000000 644.000000 528.000000) (-4.000000 644.000000 244.000000) (-4.000000 -4.000000 244.000000) (-4.000000 -4.000000 528.000000) 
4 56 60 (0.000000 620.000000 0.000000) (0.000000 364.000000 0.000000) (0.000000 364.000000 176.000000) (0.000000 620.000000 176.000000) 
4 56 57 (0.000000 192.000000 240.000000) (0.000000 192.000000 64.000000) (272.000000 192.000000 64.000000) (272.000000 192.000000 240.000000) 
4 57 58 (224.000000 0.000000 64.000000) (48.000000 0.000000 64.000000) (48.000000 144.000000 64.000000) (224.000000 144.000000 64.000000) 
4 59 62 (-4.000000 644.000000 240.000000) (-4.000000 644.000000 -0.000000) (-4.000000 640.000000 0.000000) (-4.000000 640.000000 240.000000) 
4 60 62 (-4.000000 620.000000 0.000000) (-4.000000 364.000000 0.000000) (-4.000000 364.000000 176.000000) (-4.000000 620.000000 176.000000) 
4 61 66 (272.000000 -4.000000 -224.000000) (272.000000 -4.000000 -4.000000) (-4.000000 -4.000000 -4.000000) (-4.000000 -4.000000 -224.000000) 
4 61 62 (-4.000000 644.000000 -4.000000) (-4.000000 644.000000 -224.000000) (-4.000000 -4.000000 -224.000000) (-4.000000 -4.000000 -4.000000) 
4 62 66 (-4.000000 -4.000000 528.000000) (-328.000000 -4.000000 528.000000) (-328.000000 -4.000000 -224.000000) (-4.000000 -4.000000 -224.000000) 
4 63 67 (-328.000000 -4.000000 528.000000) (-360.000000 -4.000000 528.000000) (-360.000000 -4.000000 -224.000000) (-328.000000 -4.000000 -224.000000) 
4 63 64 (-328.000000 -4.000000 -224.000000) (-360.000000 -4.000000 -224.000000) (-360.000000 644.000000 -224.000000) (-328.000000 644.000000 -224.000000) 
4 64 69 (272.000000 -4.000000 -256.000000) (272.000000 -4.000000 -224.000000) (-360.000000 -4.000000 -224.000000) (-360.000000 -4.000000 -256.000000) 
4 65 67 (-360.000000 -556.000000 528.000000) (-360.000000 -4.000000 528.000000) (-328.000000 -4.000000 528.000000) (-328.000000 -556.000000 528.000000) 
4 65 68 (800.000000 -588.000000 528.000000) (-360.000000 -588.000000 528.000000) (-360.000000 -556.000000 528.000000) (800.000000 -556.000000 528.000000) 
4 67 68 (-360.000000 -556.000000 528.000000) (-360.000000 -556.000000 -224.000000) (-328.000000 -556.000000 -224.000000) (-328.000000 -556.000000 528.000000) 
4 67 69 (-360.000000 -556.000000 -224.000000) (-360.000000 -4.000000 -224.000000) (-328.000000 -4.000000 -224.000000) (-328.000000 -556.000000 -224.000000) 
4 68 69 (-360.000000 -588.000000 -224.000000) (-360.000000 -556.000000 -224.000000) (800.000000 -556.000000 -224.000000) (800.000000 -588.000000 -224.000000) 
